This is pdfTeX, Version 3.141592653-2.6-1.40.26 (MiKTeX 24.3) (preloaded format=pdflatex 2024.3.21)  14 AUG 2025 00:39
entering extended mode
 restricted \write18 enabled.
 %&-line parsing enabled.
**./main.tex
(main.tex
LaTeX2e <2023-11-01> patch level 1
L3 programming layer <2024-03-14>

(C:\Users\Emiliano\AppData\Local\Programs\MiKTeX\tex/latex/standalone\standalon
e.cls
Document Class: standalone 2022/10/10 v1.3b Class to compile TeX sub-files stan
dalone
(C:\Users\Emiliano\AppData\Local\Programs\MiKTeX\tex/latex/tools\shellesc.sty
Package: shellesc 2023/07/08 v1.0d unified shell escape interface for LaTeX
Package shellesc Info: Restricted shell escape enabled on input line 77.
)
(C:\Users\Emiliano\AppData\Local\Programs\MiKTeX\tex/generic/iftex\ifluatex.sty
Package: ifluatex 2019/10/25 v1.5 ifluatex legacy package. Use iftex instead.
(C:\Users\Emiliano\AppData\Local\Programs\MiKTeX\tex/generic/iftex\iftex.sty
Package: iftex 2022/02/03 v1.0f TeX engine tests
))
(C:\Users\Emiliano\AppData\Local\Programs\MiKTeX\tex/latex/xkeyval\xkeyval.sty
Package: xkeyval 2022/06/16 v2.9 package option processing (HA)

(C:\Users\Emiliano\AppData\Local\Programs\MiKTeX\tex/generic/xkeyval\xkeyval.te
x
(C:\Users\Emiliano\AppData\Local\Programs\MiKTeX\tex/generic/xkeyval\xkvutils.t
ex
\XKV@toks=\toks17
\XKV@tempa@toks=\toks18

(C:\Users\Emiliano\AppData\Local\Programs\MiKTeX\tex/generic/xkeyval\keyval.tex
))
\XKV@depth=\count188
File: xkeyval.tex 2014/12/03 v2.7a key=value parser (HA)
))
\sa@internal=\count189
\c@sapage=\count190

(C:\Users\Emiliano\AppData\Local\Programs\MiKTeX\tex/latex/standalone\standalon
e.cfg
File: standalone.cfg 2022/10/10 v1.3b Default configuration file for 'standalon
e' class
)
(C:\Users\Emiliano\AppData\Local\Programs\MiKTeX\tex/latex/base\article.cls
Document Class: article 2023/05/17 v1.4n Standard LaTeX document class
(C:\Users\Emiliano\AppData\Local\Programs\MiKTeX\tex/latex/base\size10.clo
File: size10.clo 2023/05/17 v1.4n Standard LaTeX file (size option)
)
\c@part=\count191
\c@section=\count192
\c@subsection=\count193
\c@subsubsection=\count194
\c@paragraph=\count195
\c@subparagraph=\count196
\c@figure=\count197
\c@table=\count198
\abovecaptionskip=\skip48
\belowcaptionskip=\skip49
\bibindent=\dimen140
)
\sa@box=\box51
)
(C:\Users\Emiliano\AppData\Local\Programs\MiKTeX\tex/latex/graphics\graphicx.st
y
Package: graphicx 2021/09/16 v1.2d Enhanced LaTeX Graphics (DPC,SPQR)

(C:\Users\Emiliano\AppData\Local\Programs\MiKTeX\tex/latex/graphics\graphics.st
y
Package: graphics 2022/03/10 v1.4e Standard LaTeX Graphics (DPC,SPQR)
 (C:\Users\Emiliano\AppData\Local\Programs\MiKTeX\tex/latex/graphics\trig.sty
Package: trig 2021/08/11 v1.11 sin cos tan (DPC)
)
(C:\Users\Emiliano\AppData\Local\Programs\MiKTeX\tex/latex/graphics-cfg\graphic
s.cfg
File: graphics.cfg 2016/06/04 v1.11 sample graphics configuration
)
Package graphics Info: Driver file: pdftex.def on input line 107.

(C:\Users\Emiliano\AppData\Local\Programs\MiKTeX\tex/latex/graphics-def\pdftex.
def
File: pdftex.def 2022/09/22 v1.2b Graphics/color driver for pdftex
))
\Gin@req@height=\dimen141
\Gin@req@width=\dimen142
)
(C:\Users\Emiliano\AppData\Local\Programs\MiKTeX\tex/latex/animate\animate.sty
Package: animate 2023/06/18 PDF & SVG animations from files and inline graphics


(C:\Users\Emiliano\AppData\Local\Programs\MiKTeX\tex/latex/base\ifthen.sty
Package: ifthen 2022/04/13 v1.1d Standard LaTeX ifthen package (DPC)
)
(C:\Users\Emiliano\AppData\Local\Programs\MiKTeX\tex/latex/oberdiek\ifdraft.sty
Package: ifdraft 2016/05/16 v1.4 Detect class options draft and final (HO)
) (C:\Users\Emiliano\AppData\Local\Programs\MiKTeX\tex/latex/tools\calc.sty
Package: calc 2023/07/08 v4.3 Infix arithmetic (KKT,FJ)
\calc@Acount=\count199
\calc@Bcount=\count266
\calc@Adimen=\dimen143
\calc@Bdimen=\dimen144
\calc@Askip=\skip50
\calc@Bskip=\skip51
LaTeX Info: Redefining \setlength on input line 80.
LaTeX Info: Redefining \addtolength on input line 81.
\calc@Ccount=\count267
\calc@Cskip=\skip52
)
(C:\Users\Emiliano\AppData\Local\Programs\MiKTeX\tex/latex/media9\pdfbase.sty
Package: pdfbase 2022/08/04 v0.55 driver independent access to low-level PDF fe
atures

(C:\Users\Emiliano\AppData\Local\Programs\MiKTeX\tex/latex/l3backend\l3backend-
pdftex.def
File: l3backend-pdftex.def 2024-03-14 L3 backend support: PDF output (pdfTeX)
\l__color_backend_stack_int=\count268
\l__pdf_internal_box=\box52
)
\g_pbs_page_int=\count269
\g_pbs_oc_int=\count270
)
(C:\Users\Emiliano\AppData\Local\Programs\MiKTeX\tex/latex/zref\zref-abspage.st
y
Package: zref-abspage 2023-09-14 v2.35 Module abspage for zref (HO)
 (C:\Users\Emiliano\AppData\Local\Programs\MiKTeX\tex/latex/zref\zref-base.sty
Package: zref-base 2023-09-14 v2.35 Module base for zref (HO)

(C:\Users\Emiliano\AppData\Local\Programs\MiKTeX\tex/generic/ltxcmds\ltxcmds.st
y
Package: ltxcmds 2023-12-04 v1.26 LaTeX kernel commands for general use (HO)
)
(C:\Users\Emiliano\AppData\Local\Programs\MiKTeX\tex/generic/infwarerr\infwarer
r.sty
Package: infwarerr 2019/12/03 v1.5 Providing info/warning/error messages (HO)
)
(C:\Users\Emiliano\AppData\Local\Programs\MiKTeX\tex/latex/kvsetkeys\kvsetkeys.
sty
Package: kvsetkeys 2022-10-05 v1.19 Key value parser (HO)
)
(C:\Users\Emiliano\AppData\Local\Programs\MiKTeX\tex/generic/kvdefinekeys\kvdef
inekeys.sty
Package: kvdefinekeys 2019-12-19 v1.6 Define keys (HO)
)
(C:\Users\Emiliano\AppData\Local\Programs\MiKTeX\tex/generic/pdftexcmds\pdftexc
mds.sty
Package: pdftexcmds 2020-06-27 v0.33 Utility functions of pdfTeX for LuaTeX (HO
)
Package pdftexcmds Info: \pdf@primitive is available.
Package pdftexcmds Info: \pdf@ifprimitive is available.
Package pdftexcmds Info: \pdfdraftmode found.
)
(C:\Users\Emiliano\AppData\Local\Programs\MiKTeX\tex/generic/etexcmds\etexcmds.
sty
Package: etexcmds 2019/12/15 v1.7 Avoid name clashes with e-TeX commands (HO)
)
(C:\Users\Emiliano\AppData\Local\Programs\MiKTeX\tex/latex/auxhook\auxhook.sty
Package: auxhook 2019-12-17 v1.6 Hooks for auxiliary files (HO)
)
Package zref Info: New property list: main on input line 767.
Package zref Info: New property: default on input line 768.
Package zref Info: New property: page on input line 769.
)
\c@abspage=\count271
Package zref Info: New property: abspage on input line 67.
) (C:\Users\Emiliano\AppData\Local\Programs\MiKTeX\tex/latex/ocgx2\ocgbase.sty
Package: ocgbase 2022/08/04 v0.22 support package for ocgx2.sty
\g_ocgbase_nd_int=\count272
)
\@anim@box=\box53
\@anim@measbox=\box54
\@anim@tmpdima=\dimen145
\@anim@tmpdimb=\dimen146
\@anim@num=\count273
\@anim@curframe=\count274
\@anim@curframe@zb=\count275
\@anim@resizeflags=\count276
\@anim@skipfram=\count277
\@anim@mulframecnt=\count278
\@anim@@tmlnfile=\read2
\@anim@tmpcnt=\count279
\c@@anim@ltxcnt=\count280
\@anim@curlayer=\count281
\@anim@lineno=\count282
\@anim@curfield=\count283
\@anim@@resizeflags=\count284
) (main.aux)
\openout1 = `main.aux'.

LaTeX Font Info:    Checking defaults for OML/cmm/m/it on input line 5.
LaTeX Font Info:    ... okay on input line 5.
LaTeX Font Info:    Checking defaults for OMS/cmsy/m/n on input line 5.
LaTeX Font Info:    ... okay on input line 5.
LaTeX Font Info:    Checking defaults for OT1/cmr/m/n on input line 5.
LaTeX Font Info:    ... okay on input line 5.
LaTeX Font Info:    Checking defaults for T1/cmr/m/n on input line 5.
LaTeX Font Info:    ... okay on input line 5.
LaTeX Font Info:    Checking defaults for TS1/cmr/m/n on input line 5.
LaTeX Font Info:    ... okay on input line 5.
LaTeX Font Info:    Checking defaults for OMX/cmex/m/n on input line 5.
LaTeX Font Info:    ... okay on input line 5.
LaTeX Font Info:    Checking defaults for U/cmr/m/n on input line 5.
LaTeX Font Info:    ... okay on input line 5.

(C:\Users\Emiliano\AppData\Local\Programs\MiKTeX\tex/context/base/mkii\supp-pdf
.mkii
[Loading MPS to PDF converter (version 2006.09.02).]
\scratchcounter=\count285
\scratchdimen=\dimen147
\scratchbox=\box55
\nofMPsegments=\count286
\nofMParguments=\count287
\everyMPshowfont=\toks19
\MPscratchCnt=\count288
\MPscratchDim=\dimen148
\MPnumerator=\count289
\makeMPintoPDFobject=\count290
\everyMPtoPDFconversion=\toks20
)
(C:\Users\Emiliano\AppData\Local\Programs\MiKTeX\tex/latex/epstopdf-pkg\epstopd
f-base.sty
Package: epstopdf-base 2020-01-24 v2.11 Base part for package epstopdf
Package epstopdf-base Info: Redefining graphics rule for `.eps' on input line 4
85.

(C:\Users\Emiliano\AppData\Local\Programs\MiKTeX\tex/latex/00miktex\epstopdf-sy
s.cfg
File: epstopdf-sys.cfg 2021/03/18 v2.0 Configuration of epstopdf for MiKTeX
))
<../NNMF/2.pdf, id=1, page=1, 898.02065pt x 446.01506pt>
File: ../NNMF/2.pdf Graphic file (type pdf)
<use ../NNMF/2.pdf, page 1>
Package pdftex.def Info: ../NNMF/2.pdf , page1 used on input line 8.
(pdftex.def)             Requested size: 898.01845pt x 446.01396pt.
 <../NNMF/2.pdf> <a0,fr0>
<../NNMF/3.pdf, id=54, page=1, 898.02065pt x 446.01506pt>
File: ../NNMF/3.pdf Graphic file (type pdf)
<use ../NNMF/3.pdf, page 1>
Package pdftex.def Info: ../NNMF/3.pdf , page1 used on input line 8.
(pdftex.def)             Requested size: 898.01845pt x 446.01396pt.
 <../NNMF/3.pdf> <a0,fr1>
<../NNMF/4.pdf, id=108, page=1, 898.02065pt x 446.01506pt>
File: ../NNMF/4.pdf Graphic file (type pdf)
<use ../NNMF/4.pdf, page 1>
Package pdftex.def Info: ../NNMF/4.pdf , page1 used on input line 8.
(pdftex.def)             Requested size: 898.01845pt x 446.01396pt.
 <../NNMF/4.pdf>
<a0,fr2>
<../NNMF/5.pdf, id=162, page=1, 898.02065pt x 446.01506pt>
File: ../NNMF/5.pdf Graphic file (type pdf)
<use ../NNMF/5.pdf, page 1>
Package pdftex.def Info: ../NNMF/5.pdf , page1 used on input line 8.
(pdftex.def)             Requested size: 898.01845pt x 446.01396pt.
 <../NNMF/5.pdf> <a0,fr3>
<../NNMF/6.pdf, id=216, page=1, 898.02065pt x 446.01506pt>
File: ../NNMF/6.pdf Graphic file (type pdf)
<use ../NNMF/6.pdf, page 1>
Package pdftex.def Info: ../NNMF/6.pdf , page1 used on input line 8.
(pdftex.def)             Requested size: 898.01845pt x 446.01396pt.
 <../NNMF/6.pdf> <a0,fr4>
<../NNMF/7.pdf, id=269, page=1, 898.02065pt x 446.01506pt>
File: ../NNMF/7.pdf Graphic file (type pdf)
<use ../NNMF/7.pdf, page 1>
Package pdftex.def Info: ../NNMF/7.pdf , page1 used on input line 8.
(pdftex.def)             Requested size: 898.01845pt x 446.01396pt.
 <../NNMF/7.pdf>
<a0,fr5>
<../NNMF/8.pdf, id=323, page=1, 898.02065pt x 446.01506pt>
File: ../NNMF/8.pdf Graphic file (type pdf)
<use ../NNMF/8.pdf, page 1>
Package pdftex.def Info: ../NNMF/8.pdf , page1 used on input line 8.
(pdftex.def)             Requested size: 898.01845pt x 446.01396pt.
 <../NNMF/8.pdf> <a0,fr6>
<../NNMF/9.pdf, id=376, page=1, 898.02065pt x 446.01506pt>
File: ../NNMF/9.pdf Graphic file (type pdf)
<use ../NNMF/9.pdf, page 1>
Package pdftex.def Info: ../NNMF/9.pdf , page1 used on input line 8.
(pdftex.def)             Requested size: 898.01845pt x 446.01396pt.
 <../NNMF/9.pdf> <a0,fr7>
<../NNMF/10.pdf, id=430, page=1, 898.02065pt x 446.01506pt>
File: ../NNMF/10.pdf Graphic file (type pdf)
<use ../NNMF/10.pdf, page 1>
Package pdftex.def Info: ../NNMF/10.pdf , page1 used on input line 8.
(pdftex.def)             Requested size: 898.01845pt x 446.01396pt.
 <../NNMF/10.pdf>
<a0,fr8>
<../NNMF/11.pdf, id=484, page=1, 898.02065pt x 446.01506pt>
File: ../NNMF/11.pdf Graphic file (type pdf)
<use ../NNMF/11.pdf, page 1>
Package pdftex.def Info: ../NNMF/11.pdf , page1 used on input line 8.
(pdftex.def)             Requested size: 898.01845pt x 446.01396pt.
 <../NNMF/11.pdf> <a0,fr9>
<../NNMF/12.pdf, id=538, page=1, 898.02065pt x 446.01506pt>
File: ../NNMF/12.pdf Graphic file (type pdf)
<use ../NNMF/12.pdf, page 1>
Package pdftex.def Info: ../NNMF/12.pdf , page1 used on input line 8.
(pdftex.def)             Requested size: 898.01845pt x 446.01396pt.
 <../NNMF/12.pdf> <a0,fr10>
<../NNMF/13.pdf, id=591, page=1, 898.02065pt x 446.01506pt>
File: ../NNMF/13.pdf Graphic file (type pdf)
<use ../NNMF/13.pdf, page 1>
Package pdftex.def Info: ../NNMF/13.pdf , page1 used on input line 8.
(pdftex.def)             Requested size: 898.01845pt x 446.01396pt.
 <../NNMF/13.pdf>
<a0,fr11>
<../NNMF/14.pdf, id=645, page=1, 898.02065pt x 446.01506pt>
File: ../NNMF/14.pdf Graphic file (type pdf)
<use ../NNMF/14.pdf, page 1>
Package pdftex.def Info: ../NNMF/14.pdf , page1 used on input line 8.
(pdftex.def)             Requested size: 898.01845pt x 446.01396pt.
 <../NNMF/14.pdf> <a0,fr12>
<../NNMF/15.pdf, id=699, page=1, 898.02065pt x 446.01506pt>
File: ../NNMF/15.pdf Graphic file (type pdf)
<use ../NNMF/15.pdf, page 1>
Package pdftex.def Info: ../NNMF/15.pdf , page1 used on input line 8.
(pdftex.def)             Requested size: 898.01845pt x 446.01396pt.
 <../NNMF/15.pdf> <a0,fr13>
<../NNMF/16.pdf, id=753, page=1, 898.02065pt x 446.01506pt>
File: ../NNMF/16.pdf Graphic file (type pdf)
<use ../NNMF/16.pdf, page 1>
Package pdftex.def Info: ../NNMF/16.pdf , page1 used on input line 8.
(pdftex.def)             Requested size: 898.01845pt x 446.01396pt.
 <../NNMF/16.pdf> <a0,fr14>
<../NNMF/17.pdf, id=806, page=1, 898.02065pt x 446.01506pt>
File: ../NNMF/17.pdf Graphic file (type pdf)
<use ../NNMF/17.pdf, page 1>
Package pdftex.def Info: ../NNMF/17.pdf , page1 used on input line 8.
(pdftex.def)             Requested size: 898.01845pt x 446.01396pt.
 <../NNMF/17.pdf> <a0,fr15>
<../NNMF/18.pdf, id=859, page=1, 898.02065pt x 446.01506pt>
File: ../NNMF/18.pdf Graphic file (type pdf)
<use ../NNMF/18.pdf, page 1>
Package pdftex.def Info: ../NNMF/18.pdf , page1 used on input line 8.
(pdftex.def)             Requested size: 898.01845pt x 446.01396pt.
 <../NNMF/18.pdf> <a0,fr16>
<../NNMF/19.pdf, id=912, page=1, 898.02065pt x 446.01506pt>
File: ../NNMF/19.pdf Graphic file (type pdf)
<use ../NNMF/19.pdf, page 1>
Package pdftex.def Info: ../NNMF/19.pdf , page1 used on input line 8.
(pdftex.def)             Requested size: 898.01845pt x 446.01396pt.
 <../NNMF/19.pdf> <a0,fr17>
<../NNMF/20.pdf, id=966, page=1, 898.02065pt x 446.01506pt>
File: ../NNMF/20.pdf Graphic file (type pdf)
<use ../NNMF/20.pdf, page 1>
Package pdftex.def Info: ../NNMF/20.pdf , page1 used on input line 8.
(pdftex.def)             Requested size: 898.01845pt x 446.01396pt.
 <../NNMF/20.pdf> <a0,fr18>
<../NNMF/21.pdf, id=1020, page=1, 898.02065pt x 446.01506pt>
File: ../NNMF/21.pdf Graphic file (type pdf)
<use ../NNMF/21.pdf, page 1>
Package pdftex.def Info: ../NNMF/21.pdf , page1 used on input line 8.
(pdftex.def)             Requested size: 898.01845pt x 446.01396pt.
 <../NNMF/21.pdf> <a0,fr19>
<../NNMF/22.pdf, id=1073, page=1, 898.02065pt x 446.01506pt>
File: ../NNMF/22.pdf Graphic file (type pdf)
<use ../NNMF/22.pdf, page 1>
Package pdftex.def Info: ../NNMF/22.pdf , page1 used on input line 8.
(pdftex.def)             Requested size: 898.01845pt x 446.01396pt.
 <../NNMF/22.pdf> <a0,fr20>
<../NNMF/23.pdf, id=1126, page=1, 898.02065pt x 446.01506pt>
File: ../NNMF/23.pdf Graphic file (type pdf)
<use ../NNMF/23.pdf, page 1>
Package pdftex.def Info: ../NNMF/23.pdf , page1 used on input line 8.
(pdftex.def)             Requested size: 898.01845pt x 446.01396pt.
 <../NNMF/23.pdf> <a0,fr21>
<../NNMF/24.pdf, id=1180, page=1, 898.02065pt x 446.01506pt>
File: ../NNMF/24.pdf Graphic file (type pdf)
<use ../NNMF/24.pdf, page 1>
Package pdftex.def Info: ../NNMF/24.pdf , page1 used on input line 8.
(pdftex.def)             Requested size: 898.01845pt x 446.01396pt.
 <../NNMF/24.pdf> <a0,fr22>
<../NNMF/25.pdf, id=1234, page=1, 898.02065pt x 446.01506pt>
File: ../NNMF/25.pdf Graphic file (type pdf)
<use ../NNMF/25.pdf, page 1>
Package pdftex.def Info: ../NNMF/25.pdf , page1 used on input line 8.
(pdftex.def)             Requested size: 898.01845pt x 446.01396pt.
 <../NNMF/25.pdf> <a0,fr23>
<../NNMF/26.pdf, id=1288, page=1, 898.02065pt x 446.01506pt>
File: ../NNMF/26.pdf Graphic file (type pdf)
<use ../NNMF/26.pdf, page 1>
Package pdftex.def Info: ../NNMF/26.pdf , page1 used on input line 8.
(pdftex.def)             Requested size: 898.01845pt x 446.01396pt.
 <../NNMF/26.pdf> <a0,fr24>
<../NNMF/27.pdf, id=1342, page=1, 898.02065pt x 446.01506pt>
File: ../NNMF/27.pdf Graphic file (type pdf)
<use ../NNMF/27.pdf, page 1>
Package pdftex.def Info: ../NNMF/27.pdf , page1 used on input line 8.
(pdftex.def)             Requested size: 898.01845pt x 446.01396pt.
 <../NNMF/27.pdf> <a0,fr25>
<../NNMF/28.pdf, id=1396, page=1, 898.02065pt x 446.01506pt>
File: ../NNMF/28.pdf Graphic file (type pdf)
<use ../NNMF/28.pdf, page 1>
Package pdftex.def Info: ../NNMF/28.pdf , page1 used on input line 8.
(pdftex.def)             Requested size: 898.01845pt x 446.01396pt.
 <../NNMF/28.pdf> <a0,fr26>
<../NNMF/29.pdf, id=1449, page=1, 898.02065pt x 446.01506pt>
File: ../NNMF/29.pdf Graphic file (type pdf)
<use ../NNMF/29.pdf, page 1>
Package pdftex.def Info: ../NNMF/29.pdf , page1 used on input line 8.
(pdftex.def)             Requested size: 898.01845pt x 446.01396pt.
 <../NNMF/29.pdf> <a0,fr27>
<../NNMF/30.pdf, id=1503, page=1, 898.02065pt x 446.01506pt>
File: ../NNMF/30.pdf Graphic file (type pdf)
<use ../NNMF/30.pdf, page 1>
Package pdftex.def Info: ../NNMF/30.pdf , page1 used on input line 8.
(pdftex.def)             Requested size: 898.01845pt x 446.01396pt.
 <../NNMF/30.pdf> <a0,fr28>
<../NNMF/31.pdf, id=1557, page=1, 898.02065pt x 446.01506pt>
File: ../NNMF/31.pdf Graphic file (type pdf)
<use ../NNMF/31.pdf, page 1>
Package pdftex.def Info: ../NNMF/31.pdf , page1 used on input line 8.
(pdftex.def)             Requested size: 898.01845pt x 446.01396pt.
 <../NNMF/31.pdf> <a0,fr29>
<../NNMF/32.pdf, id=1610, page=1, 898.02065pt x 446.01506pt>
File: ../NNMF/32.pdf Graphic file (type pdf)
<use ../NNMF/32.pdf, page 1>
Package pdftex.def Info: ../NNMF/32.pdf , page1 used on input line 8.
(pdftex.def)             Requested size: 898.01845pt x 446.01396pt.
 <../NNMF/32.pdf> <a0,fr30>
<../NNMF/33.pdf, id=1664, page=1, 898.02065pt x 446.01506pt>
File: ../NNMF/33.pdf Graphic file (type pdf)
<use ../NNMF/33.pdf, page 1>
Package pdftex.def Info: ../NNMF/33.pdf , page1 used on input line 8.
(pdftex.def)             Requested size: 898.01845pt x 446.01396pt.
 <../NNMF/33.pdf> <a0,fr31>
<../NNMF/34.pdf, id=1718, page=1, 898.02065pt x 446.01506pt>
File: ../NNMF/34.pdf Graphic file (type pdf)
<use ../NNMF/34.pdf, page 1>
Package pdftex.def Info: ../NNMF/34.pdf , page1 used on input line 8.
(pdftex.def)             Requested size: 898.01845pt x 446.01396pt.
 <../NNMF/34.pdf> <a0,fr32>
<../NNMF/35.pdf, id=1772, page=1, 898.02065pt x 446.01506pt>
File: ../NNMF/35.pdf Graphic file (type pdf)
<use ../NNMF/35.pdf, page 1>
Package pdftex.def Info: ../NNMF/35.pdf , page1 used on input line 8.
(pdftex.def)             Requested size: 898.01845pt x 446.01396pt.
 <../NNMF/35.pdf> <a0,fr33>
<../NNMF/36.pdf, id=1826, page=1, 898.02065pt x 446.01506pt>
File: ../NNMF/36.pdf Graphic file (type pdf)
<use ../NNMF/36.pdf, page 1>
Package pdftex.def Info: ../NNMF/36.pdf , page1 used on input line 8.
(pdftex.def)             Requested size: 898.01845pt x 446.01396pt.
 <../NNMF/36.pdf> <a0,fr34>
<../NNMF/37.pdf, id=1880, page=1, 898.02065pt x 446.01506pt>
File: ../NNMF/37.pdf Graphic file (type pdf)
<use ../NNMF/37.pdf, page 1>
Package pdftex.def Info: ../NNMF/37.pdf , page1 used on input line 8.
(pdftex.def)             Requested size: 898.01845pt x 446.01396pt.
 <../NNMF/37.pdf> <a0,fr35>
<../NNMF/38.pdf, id=1933, page=1, 898.02065pt x 446.01506pt>
File: ../NNMF/38.pdf Graphic file (type pdf)
<use ../NNMF/38.pdf, page 1>
Package pdftex.def Info: ../NNMF/38.pdf , page1 used on input line 8.
(pdftex.def)             Requested size: 898.01845pt x 446.01396pt.
 <../NNMF/38.pdf> <a0,fr36>
<../NNMF/39.pdf, id=1987, page=1, 898.02065pt x 446.01506pt>
File: ../NNMF/39.pdf Graphic file (type pdf)
<use ../NNMF/39.pdf, page 1>
Package pdftex.def Info: ../NNMF/39.pdf , page1 used on input line 8.
(pdftex.def)             Requested size: 898.01845pt x 446.01396pt.
 <../NNMF/39.pdf>
<a0,fr37>
<../NNMF/40.pdf, id=2040, page=1, 898.02065pt x 446.01506pt>
File: ../NNMF/40.pdf Graphic file (type pdf)
<use ../NNMF/40.pdf, page 1>
Package pdftex.def Info: ../NNMF/40.pdf , page1 used on input line 8.
(pdftex.def)             Requested size: 898.01845pt x 446.01396pt.
 <../NNMF/40.pdf> <a0,fr38>
<../NNMF/41.pdf, id=2094, page=1, 898.02065pt x 446.01506pt>
File: ../NNMF/41.pdf Graphic file (type pdf)
<use ../NNMF/41.pdf, page 1>
Package pdftex.def Info: ../NNMF/41.pdf , page1 used on input line 8.
(pdftex.def)             Requested size: 898.01845pt x 446.01396pt.
 <../NNMF/41.pdf> <a0,fr39>
<../NNMF/42.pdf, id=2147, page=1, 898.02065pt x 446.01506pt>
File: ../NNMF/42.pdf Graphic file (type pdf)
<use ../NNMF/42.pdf, page 1>
Package pdftex.def Info: ../NNMF/42.pdf , page1 used on input line 8.
(pdftex.def)             Requested size: 898.01845pt x 446.01396pt.
 <../NNMF/42.pdf> <a0,fr40>
<../NNMF/43.pdf, id=2200, page=1, 898.02065pt x 446.01506pt>
File: ../NNMF/43.pdf Graphic file (type pdf)
<use ../NNMF/43.pdf, page 1>
Package pdftex.def Info: ../NNMF/43.pdf , page1 used on input line 8.
(pdftex.def)             Requested size: 898.01845pt x 446.01396pt.
 <../NNMF/43.pdf> <a0,fr41>
<../NNMF/44.pdf, id=2253, page=1, 898.02065pt x 446.01506pt>
File: ../NNMF/44.pdf Graphic file (type pdf)
<use ../NNMF/44.pdf, page 1>
Package pdftex.def Info: ../NNMF/44.pdf , page1 used on input line 8.
(pdftex.def)             Requested size: 898.01845pt x 446.01396pt.
 <../NNMF/44.pdf> <a0,fr42>
<../NNMF/45.pdf, id=2306, page=1, 898.02065pt x 446.01506pt>
File: ../NNMF/45.pdf Graphic file (type pdf)
<use ../NNMF/45.pdf, page 1>
Package pdftex.def Info: ../NNMF/45.pdf , page1 used on input line 8.
(pdftex.def)             Requested size: 898.01845pt x 446.01396pt.
 <../NNMF/45.pdf> <a0,fr43>
<../NNMF/46.pdf, id=2359, page=1, 898.02065pt x 446.01506pt>
File: ../NNMF/46.pdf Graphic file (type pdf)
<use ../NNMF/46.pdf, page 1>
Package pdftex.def Info: ../NNMF/46.pdf , page1 used on input line 8.
(pdftex.def)             Requested size: 898.01845pt x 446.01396pt.
 <../NNMF/46.pdf> <a0,fr44>
<../NNMF/47.pdf, id=2413, page=1, 904.07451pt x 446.01506pt>
File: ../NNMF/47.pdf Graphic file (type pdf)
<use ../NNMF/47.pdf, page 1>
Package pdftex.def Info: ../NNMF/47.pdf , page1 used on input line 8.
(pdftex.def)             Requested size: 904.0723pt x 446.01396pt.
 <../NNMF/47.pdf> <a0,fr45>
<../NNMF/48.pdf, id=2467, page=1, 904.07451pt x 446.01506pt>
File: ../NNMF/48.pdf Graphic file (type pdf)
<use ../NNMF/48.pdf, page 1>
Package pdftex.def Info: ../NNMF/48.pdf , page1 used on input line 8.
(pdftex.def)             Requested size: 904.0723pt x 446.01396pt.
 <../NNMF/48.pdf> <a0,fr46>
<../NNMF/49.pdf, id=2520, page=1, 904.07451pt x 446.01506pt>
File: ../NNMF/49.pdf Graphic file (type pdf)
<use ../NNMF/49.pdf, page 1>
Package pdftex.def Info: ../NNMF/49.pdf , page1 used on input line 8.
(pdftex.def)             Requested size: 904.0723pt x 446.01396pt.
 <../NNMF/49.pdf> <a0,fr47>
<../NNMF/50.pdf, id=2574, page=1, 904.07451pt x 446.01506pt>
File: ../NNMF/50.pdf Graphic file (type pdf)
<use ../NNMF/50.pdf, page 1>
Package pdftex.def Info: ../NNMF/50.pdf , page1 used on input line 8.
(pdftex.def)             Requested size: 904.0723pt x 446.01396pt.
 <../NNMF/50.pdf> <a0,fr48>
<../NNMF/51.pdf, id=2628, page=1, 904.07451pt x 446.01506pt>
File: ../NNMF/51.pdf Graphic file (type pdf)
<use ../NNMF/51.pdf, page 1>
Package pdftex.def Info: ../NNMF/51.pdf , page1 used on input line 8.
(pdftex.def)             Requested size: 904.0723pt x 446.01396pt.
 <../NNMF/51.pdf> <a0,fr49>
<../NNMF/52.pdf, id=2682, page=1, 904.07451pt x 446.01506pt>
File: ../NNMF/52.pdf Graphic file (type pdf)
<use ../NNMF/52.pdf, page 1>
Package pdftex.def Info: ../NNMF/52.pdf , page1 used on input line 8.
(pdftex.def)             Requested size: 904.0723pt x 446.01396pt.
 <../NNMF/52.pdf> <a0,fr50>
<../NNMF/53.pdf, id=2735, page=1, 904.07451pt x 446.01506pt>
File: ../NNMF/53.pdf Graphic file (type pdf)
<use ../NNMF/53.pdf, page 1>
Package pdftex.def Info: ../NNMF/53.pdf , page1 used on input line 8.
(pdftex.def)             Requested size: 904.0723pt x 446.01396pt.
 <../NNMF/53.pdf> <a0,fr51>
<../NNMF/54.pdf, id=2789, page=1, 904.07451pt x 446.01506pt>
File: ../NNMF/54.pdf Graphic file (type pdf)
<use ../NNMF/54.pdf, page 1>
Package pdftex.def Info: ../NNMF/54.pdf , page1 used on input line 8.
(pdftex.def)             Requested size: 904.0723pt x 446.01396pt.
 <../NNMF/54.pdf> <a0,fr52>
<../NNMF/55.pdf, id=2843, page=1, 904.07451pt x 446.01506pt>
File: ../NNMF/55.pdf Graphic file (type pdf)
<use ../NNMF/55.pdf, page 1>
Package pdftex.def Info: ../NNMF/55.pdf , page1 used on input line 8.
(pdftex.def)             Requested size: 904.0723pt x 446.01396pt.
 <../NNMF/55.pdf> <a0,fr53>
<../NNMF/56.pdf, id=2896, page=1, 904.07451pt x 446.01506pt>
File: ../NNMF/56.pdf Graphic file (type pdf)
<use ../NNMF/56.pdf, page 1>
Package pdftex.def Info: ../NNMF/56.pdf , page1 used on input line 8.
(pdftex.def)             Requested size: 904.0723pt x 446.01396pt.
 <../NNMF/56.pdf> <a0,fr54>
<../NNMF/57.pdf, id=2950, page=1, 904.07451pt x 446.01506pt>
File: ../NNMF/57.pdf Graphic file (type pdf)
<use ../NNMF/57.pdf, page 1>
Package pdftex.def Info: ../NNMF/57.pdf , page1 used on input line 8.
(pdftex.def)             Requested size: 904.0723pt x 446.01396pt.
 <../NNMF/57.pdf> <a0,fr55>
<../NNMF/58.pdf, id=3004, page=1, 904.07451pt x 446.01506pt>
File: ../NNMF/58.pdf Graphic file (type pdf)
<use ../NNMF/58.pdf, page 1>
Package pdftex.def Info: ../NNMF/58.pdf , page1 used on input line 8.
(pdftex.def)             Requested size: 904.0723pt x 446.01396pt.
 <../NNMF/58.pdf> <a0,fr56>
<../NNMF/59.pdf, id=3057, page=1, 904.07451pt x 446.01506pt>
File: ../NNMF/59.pdf Graphic file (type pdf)
<use ../NNMF/59.pdf, page 1>
Package pdftex.def Info: ../NNMF/59.pdf , page1 used on input line 8.
(pdftex.def)             Requested size: 904.0723pt x 446.01396pt.
 <../NNMF/59.pdf> <a0,fr57>
<../NNMF/60.pdf, id=3111, page=1, 904.07451pt x 446.01506pt>
File: ../NNMF/60.pdf Graphic file (type pdf)
<use ../NNMF/60.pdf, page 1>
Package pdftex.def Info: ../NNMF/60.pdf , page1 used on input line 8.
(pdftex.def)             Requested size: 904.0723pt x 446.01396pt.
 <../NNMF/60.pdf> <a0,fr58>
<../NNMF/61.pdf, id=3165, page=1, 904.07451pt x 446.01506pt>
File: ../NNMF/61.pdf Graphic file (type pdf)
<use ../NNMF/61.pdf, page 1>
Package pdftex.def Info: ../NNMF/61.pdf , page1 used on input line 8.
(pdftex.def)             Requested size: 904.0723pt x 446.01396pt.
 <../NNMF/61.pdf> <a0,fr59>
<../NNMF/62.pdf, id=3219, page=1, 904.07451pt x 446.01506pt>
File: ../NNMF/62.pdf Graphic file (type pdf)
<use ../NNMF/62.pdf, page 1>
Package pdftex.def Info: ../NNMF/62.pdf , page1 used on input line 8.
(pdftex.def)             Requested size: 904.0723pt x 446.01396pt.
 <../NNMF/62.pdf> <a0,fr60>
<../NNMF/63.pdf, id=3273, page=1, 904.07451pt x 446.01506pt>
File: ../NNMF/63.pdf Graphic file (type pdf)
<use ../NNMF/63.pdf, page 1>
Package pdftex.def Info: ../NNMF/63.pdf , page1 used on input line 8.
(pdftex.def)             Requested size: 904.0723pt x 446.01396pt.
 <../NNMF/63.pdf> <a0,fr61>
<../NNMF/64.pdf, id=3327, page=1, 904.07451pt x 446.01506pt>
File: ../NNMF/64.pdf Graphic file (type pdf)
<use ../NNMF/64.pdf, page 1>
Package pdftex.def Info: ../NNMF/64.pdf , page1 used on input line 8.
(pdftex.def)             Requested size: 904.0723pt x 446.01396pt.
 <../NNMF/64.pdf> <a0,fr62>
<../NNMF/65.pdf, id=3381, page=1, 904.07451pt x 446.01506pt>
File: ../NNMF/65.pdf Graphic file (type pdf)
<use ../NNMF/65.pdf, page 1>
Package pdftex.def Info: ../NNMF/65.pdf , page1 used on input line 8.
(pdftex.def)             Requested size: 904.0723pt x 446.01396pt.
 <../NNMF/65.pdf>
<a0,fr63>
<../NNMF/66.pdf, id=3435, page=1, 904.07451pt x 446.01506pt>
File: ../NNMF/66.pdf Graphic file (type pdf)
<use ../NNMF/66.pdf, page 1>
Package pdftex.def Info: ../NNMF/66.pdf , page1 used on input line 8.
(pdftex.def)             Requested size: 904.0723pt x 446.01396pt.
 <../NNMF/66.pdf> <a0,fr64>
<../NNMF/67.pdf, id=3489, page=1, 904.07451pt x 446.01506pt>
File: ../NNMF/67.pdf Graphic file (type pdf)
<use ../NNMF/67.pdf, page 1>
Package pdftex.def Info: ../NNMF/67.pdf , page1 used on input line 8.
(pdftex.def)             Requested size: 904.0723pt x 446.01396pt.
 <../NNMF/67.pdf> <a0,fr65>
<../NNMF/68.pdf, id=3543, page=1, 904.07451pt x 446.01506pt>
File: ../NNMF/68.pdf Graphic file (type pdf)
<use ../NNMF/68.pdf, page 1>
Package pdftex.def Info: ../NNMF/68.pdf , page1 used on input line 8.
(pdftex.def)             Requested size: 904.0723pt x 446.01396pt.
 <../NNMF/68.pdf> <a0,fr66>
<../NNMF/69.pdf, id=3597, page=1, 904.07451pt x 446.01506pt>
File: ../NNMF/69.pdf Graphic file (type pdf)
<use ../NNMF/69.pdf, page 1>
Package pdftex.def Info: ../NNMF/69.pdf , page1 used on input line 8.
(pdftex.def)             Requested size: 904.0723pt x 446.01396pt.
 <../NNMF/69.pdf> <a0,fr67>
<../NNMF/70.pdf, id=3651, page=1, 904.07451pt x 446.01506pt>
File: ../NNMF/70.pdf Graphic file (type pdf)
<use ../NNMF/70.pdf, page 1>
Package pdftex.def Info: ../NNMF/70.pdf , page1 used on input line 8.
(pdftex.def)             Requested size: 904.0723pt x 446.01396pt.
 <../NNMF/70.pdf> <a0,fr68>
<../NNMF/71.pdf, id=3705, page=1, 904.07451pt x 446.01506pt>
File: ../NNMF/71.pdf Graphic file (type pdf)
<use ../NNMF/71.pdf, page 1>
Package pdftex.def Info: ../NNMF/71.pdf , page1 used on input line 8.
(pdftex.def)             Requested size: 904.0723pt x 446.01396pt.
 <../NNMF/71.pdf> <a0,fr69>
<../NNMF/72.pdf, id=3759, page=1, 904.07451pt x 446.01506pt>
File: ../NNMF/72.pdf Graphic file (type pdf)
<use ../NNMF/72.pdf, page 1>
Package pdftex.def Info: ../NNMF/72.pdf , page1 used on input line 8.
(pdftex.def)             Requested size: 904.0723pt x 446.01396pt.
 <../NNMF/72.pdf> <a0,fr70>
<../NNMF/73.pdf, id=3812, page=1, 904.07451pt x 446.01506pt>
File: ../NNMF/73.pdf Graphic file (type pdf)
<use ../NNMF/73.pdf, page 1>
Package pdftex.def Info: ../NNMF/73.pdf , page1 used on input line 8.
(pdftex.def)             Requested size: 904.0723pt x 446.01396pt.
 <../NNMF/73.pdf> <a0,fr71>
<../NNMF/74.pdf, id=3865, page=1, 904.07451pt x 446.01506pt>
File: ../NNMF/74.pdf Graphic file (type pdf)
<use ../NNMF/74.pdf, page 1>
Package pdftex.def Info: ../NNMF/74.pdf , page1 used on input line 8.
(pdftex.def)             Requested size: 904.0723pt x 446.01396pt.
 <../NNMF/74.pdf> <a0,fr72>
<../NNMF/75.pdf, id=3919, page=1, 904.07451pt x 446.01506pt>
File: ../NNMF/75.pdf Graphic file (type pdf)
<use ../NNMF/75.pdf, page 1>
Package pdftex.def Info: ../NNMF/75.pdf , page1 used on input line 8.
(pdftex.def)             Requested size: 904.0723pt x 446.01396pt.
 <../NNMF/75.pdf> <a0,fr73>
<../NNMF/76.pdf, id=3973, page=1, 904.07451pt x 446.01506pt>
File: ../NNMF/76.pdf Graphic file (type pdf)
<use ../NNMF/76.pdf, page 1>
Package pdftex.def Info: ../NNMF/76.pdf , page1 used on input line 8.
(pdftex.def)             Requested size: 904.0723pt x 446.01396pt.
 <../NNMF/76.pdf> <a0,fr74>
<../NNMF/77.pdf, id=4026, page=1, 904.07451pt x 446.01506pt>
File: ../NNMF/77.pdf Graphic file (type pdf)
<use ../NNMF/77.pdf, page 1>
Package pdftex.def Info: ../NNMF/77.pdf , page1 used on input line 8.
(pdftex.def)             Requested size: 904.0723pt x 446.01396pt.
 <../NNMF/77.pdf> <a0,fr75>
<../NNMF/78.pdf, id=4080, page=1, 904.07451pt x 446.01506pt>
File: ../NNMF/78.pdf Graphic file (type pdf)
<use ../NNMF/78.pdf, page 1>
Package pdftex.def Info: ../NNMF/78.pdf , page1 used on input line 8.
(pdftex.def)             Requested size: 904.0723pt x 446.01396pt.
 <../NNMF/78.pdf> <a0,fr76>
<../NNMF/79.pdf, id=4134, page=1, 904.07451pt x 446.01506pt>
File: ../NNMF/79.pdf Graphic file (type pdf)
<use ../NNMF/79.pdf, page 1>
Package pdftex.def Info: ../NNMF/79.pdf , page1 used on input line 8.
(pdftex.def)             Requested size: 904.0723pt x 446.01396pt.
 <../NNMF/79.pdf> <a0,fr77>
<../NNMF/80.pdf, id=4188, page=1, 904.07451pt x 446.01506pt>
File: ../NNMF/80.pdf Graphic file (type pdf)
<use ../NNMF/80.pdf, page 1>
Package pdftex.def Info: ../NNMF/80.pdf , page1 used on input line 8.
(pdftex.def)             Requested size: 904.0723pt x 446.01396pt.
 <../NNMF/80.pdf> <a0,fr78>
<../NNMF/81.pdf, id=4242, page=1, 904.07451pt x 446.01506pt>
File: ../NNMF/81.pdf Graphic file (type pdf)
<use ../NNMF/81.pdf, page 1>
Package pdftex.def Info: ../NNMF/81.pdf , page1 used on input line 8.
(pdftex.def)             Requested size: 904.0723pt x 446.01396pt.
 <../NNMF/81.pdf> <a0,fr79>
<../NNMF/82.pdf, id=4296, page=1, 904.07451pt x 446.01506pt>
File: ../NNMF/82.pdf Graphic file (type pdf)
<use ../NNMF/82.pdf, page 1>
Package pdftex.def Info: ../NNMF/82.pdf , page1 used on input line 8.
(pdftex.def)             Requested size: 904.0723pt x 446.01396pt.
 <../NNMF/82.pdf> <a0,fr80>
<../NNMF/83.pdf, id=4350, page=1, 904.07451pt x 446.01506pt>
File: ../NNMF/83.pdf Graphic file (type pdf)
<use ../NNMF/83.pdf, page 1>
Package pdftex.def Info: ../NNMF/83.pdf , page1 used on input line 8.
(pdftex.def)             Requested size: 904.0723pt x 446.01396pt.
 <../NNMF/83.pdf> <a0,fr81>
<../NNMF/84.pdf, id=4404, page=1, 904.07451pt x 446.01506pt>
File: ../NNMF/84.pdf Graphic file (type pdf)
<use ../NNMF/84.pdf, page 1>
Package pdftex.def Info: ../NNMF/84.pdf , page1 used on input line 8.
(pdftex.def)             Requested size: 904.0723pt x 446.01396pt.
 <../NNMF/84.pdf> <a0,fr82>
<../NNMF/85.pdf, id=4458, page=1, 904.07451pt x 446.01506pt>
File: ../NNMF/85.pdf Graphic file (type pdf)
<use ../NNMF/85.pdf, page 1>
Package pdftex.def Info: ../NNMF/85.pdf , page1 used on input line 8.
(pdftex.def)             Requested size: 904.0723pt x 446.01396pt.
 <../NNMF/85.pdf> <a0,fr83>
<../NNMF/86.pdf, id=4512, page=1, 904.07451pt x 446.01506pt>
File: ../NNMF/86.pdf Graphic file (type pdf)
<use ../NNMF/86.pdf, page 1>
Package pdftex.def Info: ../NNMF/86.pdf , page1 used on input line 8.
(pdftex.def)             Requested size: 904.0723pt x 446.01396pt.
 <../NNMF/86.pdf> <a0,fr84>
<../NNMF/87.pdf, id=4566, page=1, 904.07451pt x 446.01506pt>
File: ../NNMF/87.pdf Graphic file (type pdf)
<use ../NNMF/87.pdf, page 1>
Package pdftex.def Info: ../NNMF/87.pdf , page1 used on input line 8.
(pdftex.def)             Requested size: 904.0723pt x 446.01396pt.
 <../NNMF/87.pdf> <a0,fr85>
<../NNMF/88.pdf, id=4620, page=1, 904.07451pt x 446.01506pt>
File: ../NNMF/88.pdf Graphic file (type pdf)
<use ../NNMF/88.pdf, page 1>
Package pdftex.def Info: ../NNMF/88.pdf , page1 used on input line 8.
(pdftex.def)             Requested size: 904.0723pt x 446.01396pt.
 <../NNMF/88.pdf> <a0,fr86>
<../NNMF/89.pdf, id=4674, page=1, 904.07451pt x 446.01506pt>
File: ../NNMF/89.pdf Graphic file (type pdf)
<use ../NNMF/89.pdf, page 1>
Package pdftex.def Info: ../NNMF/89.pdf , page1 used on input line 8.
(pdftex.def)             Requested size: 904.0723pt x 446.01396pt.
 <../NNMF/89.pdf> <a0,fr87>
<../NNMF/90.pdf, id=4728, page=1, 904.07451pt x 446.01506pt>
File: ../NNMF/90.pdf Graphic file (type pdf)
<use ../NNMF/90.pdf, page 1>
Package pdftex.def Info: ../NNMF/90.pdf , page1 used on input line 8.
(pdftex.def)             Requested size: 904.0723pt x 446.01396pt.
 <../NNMF/90.pdf> <a0,fr88>
<../NNMF/91.pdf, id=4782, page=1, 904.07451pt x 446.01506pt>
File: ../NNMF/91.pdf Graphic file (type pdf)
<use ../NNMF/91.pdf, page 1>
Package pdftex.def Info: ../NNMF/91.pdf , page1 used on input line 8.
(pdftex.def)             Requested size: 904.0723pt x 446.01396pt.
 <../NNMF/91.pdf>
<a0,fr89>
<../NNMF/92.pdf, id=4836, page=1, 904.07451pt x 446.01506pt>
File: ../NNMF/92.pdf Graphic file (type pdf)
<use ../NNMF/92.pdf, page 1>
Package pdftex.def Info: ../NNMF/92.pdf , page1 used on input line 8.
(pdftex.def)             Requested size: 904.0723pt x 446.01396pt.
 <../NNMF/92.pdf> <a0,fr90>
<../NNMF/93.pdf, id=4890, page=1, 904.07451pt x 446.01506pt>
File: ../NNMF/93.pdf Graphic file (type pdf)
<use ../NNMF/93.pdf, page 1>
Package pdftex.def Info: ../NNMF/93.pdf , page1 used on input line 8.
(pdftex.def)             Requested size: 904.0723pt x 446.01396pt.
 <../NNMF/93.pdf> <a0,fr91>
<../NNMF/94.pdf, id=4944, page=1, 904.07451pt x 446.01506pt>
File: ../NNMF/94.pdf Graphic file (type pdf)
<use ../NNMF/94.pdf, page 1>
Package pdftex.def Info: ../NNMF/94.pdf , page1 used on input line 8.
(pdftex.def)             Requested size: 904.0723pt x 446.01396pt.
 <../NNMF/94.pdf> <a0,fr92>
<../NNMF/95.pdf, id=4998, page=1, 904.07451pt x 446.01506pt>
File: ../NNMF/95.pdf Graphic file (type pdf)
<use ../NNMF/95.pdf, page 1>
Package pdftex.def Info: ../NNMF/95.pdf , page1 used on input line 8.
(pdftex.def)             Requested size: 904.0723pt x 446.01396pt.
 <../NNMF/95.pdf> <a0,fr93>
<../NNMF/96.pdf, id=5052, page=1, 904.07451pt x 446.01506pt>
File: ../NNMF/96.pdf Graphic file (type pdf)
<use ../NNMF/96.pdf, page 1>
Package pdftex.def Info: ../NNMF/96.pdf , page1 used on input line 8.
(pdftex.def)             Requested size: 904.0723pt x 446.01396pt.
 <../NNMF/96.pdf> <a0,fr94>
<../NNMF/97.pdf, id=5106, page=1, 904.07451pt x 446.01506pt>
File: ../NNMF/97.pdf Graphic file (type pdf)
<use ../NNMF/97.pdf, page 1>
Package pdftex.def Info: ../NNMF/97.pdf , page1 used on input line 8.
(pdftex.def)             Requested size: 904.0723pt x 446.01396pt.
 <../NNMF/97.pdf> <a0,fr95>
<../NNMF/98.pdf, id=5160, page=1, 904.07451pt x 446.01506pt>
File: ../NNMF/98.pdf Graphic file (type pdf)
<use ../NNMF/98.pdf, page 1>
Package pdftex.def Info: ../NNMF/98.pdf , page1 used on input line 8.
(pdftex.def)             Requested size: 904.0723pt x 446.01396pt.
 <../NNMF/98.pdf> <a0,fr96>
<../NNMF/99.pdf, id=5214, page=1, 904.07451pt x 446.01506pt>
File: ../NNMF/99.pdf Graphic file (type pdf)
<use ../NNMF/99.pdf, page 1>
Package pdftex.def Info: ../NNMF/99.pdf , page1 used on input line 8.
(pdftex.def)             Requested size: 904.0723pt x 446.01396pt.
 <../NNMF/99.pdf> <a0,fr97>
<../NNMF/100.pdf, id=5268, page=1, 904.07451pt x 446.01506pt>
File: ../NNMF/100.pdf Graphic file (type pdf)
<use ../NNMF/100.pdf, page 1>
Package pdftex.def Info: ../NNMF/100.pdf , page1 used on input line 8.
(pdftex.def)             Requested size: 904.0723pt x 446.01396pt.
 <../NNMF/100.pdf> <a0,fr98>
<../NNMF/101.pdf, id=5322, page=1, 904.07451pt x 446.01506pt>
File: ../NNMF/101.pdf Graphic file (type pdf)
<use ../NNMF/101.pdf, page 1>
Package pdftex.def Info: ../NNMF/101.pdf , page1 used on input line 8.
(pdftex.def)             Requested size: 904.0723pt x 446.01396pt.
 <../NNMF/101.pdf> <a0,fr99>
<../NNMF/102.pdf, id=5376, page=1, 904.07451pt x 446.01506pt>
File: ../NNMF/102.pdf Graphic file (type pdf)
<use ../NNMF/102.pdf, page 1>
Package pdftex.def Info: ../NNMF/102.pdf , page1 used on input line 8.
(pdftex.def)             Requested size: 904.0723pt x 446.01396pt.
 <../NNMF/102.pdf> <a0,fr100>
<../NNMF/103.pdf, id=5430, page=1, 904.07451pt x 446.01506pt>
File: ../NNMF/103.pdf Graphic file (type pdf)
<use ../NNMF/103.pdf, page 1>
Package pdftex.def Info: ../NNMF/103.pdf , page1 used on input line 8.
(pdftex.def)             Requested size: 904.0723pt x 446.01396pt.
 <../NNMF/103.pdf> <a0,fr101>
<../NNMF/104.pdf, id=5484, page=1, 904.07451pt x 446.01506pt>
File: ../NNMF/104.pdf Graphic file (type pdf)
<use ../NNMF/104.pdf, page 1>
Package pdftex.def Info: ../NNMF/104.pdf , page1 used on input line 8.
(pdftex.def)             Requested size: 904.0723pt x 446.01396pt.
 <../NNMF/104.pdf> <a0,fr102>
<../NNMF/105.pdf, id=5538, page=1, 904.07451pt x 446.01506pt>
File: ../NNMF/105.pdf Graphic file (type pdf)
<use ../NNMF/105.pdf, page 1>
Package pdftex.def Info: ../NNMF/105.pdf , page1 used on input line 8.
(pdftex.def)             Requested size: 904.0723pt x 446.01396pt.
 <../NNMF/105.pdf>
<a0,fr103>
<../NNMF/106.pdf, id=5592, page=1, 904.07451pt x 446.01506pt>
File: ../NNMF/106.pdf Graphic file (type pdf)
<use ../NNMF/106.pdf, page 1>
Package pdftex.def Info: ../NNMF/106.pdf , page1 used on input line 8.
(pdftex.def)             Requested size: 904.0723pt x 446.01396pt.
 <../NNMF/106.pdf> <a0,fr104>
<../NNMF/107.pdf, id=5646, page=1, 904.07451pt x 446.01506pt>
File: ../NNMF/107.pdf Graphic file (type pdf)
<use ../NNMF/107.pdf, page 1>
Package pdftex.def Info: ../NNMF/107.pdf , page1 used on input line 8.
(pdftex.def)             Requested size: 904.0723pt x 446.01396pt.
 <../NNMF/107.pdf> <a0,fr105>
<../NNMF/108.pdf, id=5700, page=1, 904.07451pt x 446.01506pt>
File: ../NNMF/108.pdf Graphic file (type pdf)
<use ../NNMF/108.pdf, page 1>
Package pdftex.def Info: ../NNMF/108.pdf , page1 used on input line 8.
(pdftex.def)             Requested size: 904.0723pt x 446.01396pt.
 <../NNMF/108.pdf> <a0,fr106>
<../NNMF/109.pdf, id=5754, page=1, 904.07451pt x 446.01506pt>
File: ../NNMF/109.pdf Graphic file (type pdf)
<use ../NNMF/109.pdf, page 1>
Package pdftex.def Info: ../NNMF/109.pdf , page1 used on input line 8.
(pdftex.def)             Requested size: 904.0723pt x 446.01396pt.
 <../NNMF/109.pdf> <a0,fr107>
<../NNMF/110.pdf, id=5808, page=1, 904.07451pt x 446.01506pt>
File: ../NNMF/110.pdf Graphic file (type pdf)
<use ../NNMF/110.pdf, page 1>
Package pdftex.def Info: ../NNMF/110.pdf , page1 used on input line 8.
(pdftex.def)             Requested size: 904.0723pt x 446.01396pt.
 <../NNMF/110.pdf> <a0,fr108>
<../NNMF/111.pdf, id=5862, page=1, 904.07451pt x 446.01506pt>
File: ../NNMF/111.pdf Graphic file (type pdf)
<use ../NNMF/111.pdf, page 1>
Package pdftex.def Info: ../NNMF/111.pdf , page1 used on input line 8.
(pdftex.def)             Requested size: 904.0723pt x 446.01396pt.
 <../NNMF/111.pdf> <a0,fr109>
<../NNMF/112.pdf, id=5916, page=1, 904.07451pt x 446.01506pt>
File: ../NNMF/112.pdf Graphic file (type pdf)
<use ../NNMF/112.pdf, page 1>
Package pdftex.def Info: ../NNMF/112.pdf , page1 used on input line 8.
(pdftex.def)             Requested size: 904.0723pt x 446.01396pt.
 <../NNMF/112.pdf> <a0,fr110>
<../NNMF/113.pdf, id=5970, page=1, 904.07451pt x 446.01506pt>
File: ../NNMF/113.pdf Graphic file (type pdf)
<use ../NNMF/113.pdf, page 1>
Package pdftex.def Info: ../NNMF/113.pdf , page1 used on input line 8.
(pdftex.def)             Requested size: 904.0723pt x 446.01396pt.
 <../NNMF/113.pdf>
<a0,fr111>
<../NNMF/114.pdf, id=6024, page=1, 904.07451pt x 446.01506pt>
File: ../NNMF/114.pdf Graphic file (type pdf)
<use ../NNMF/114.pdf, page 1>
Package pdftex.def Info: ../NNMF/114.pdf , page1 used on input line 8.
(pdftex.def)             Requested size: 904.0723pt x 446.01396pt.
 <../NNMF/114.pdf> <a0,fr112>
<../NNMF/115.pdf, id=6078, page=1, 904.07451pt x 446.01506pt>
File: ../NNMF/115.pdf Graphic file (type pdf)
<use ../NNMF/115.pdf, page 1>
Package pdftex.def Info: ../NNMF/115.pdf , page1 used on input line 8.
(pdftex.def)             Requested size: 904.0723pt x 446.01396pt.
 <../NNMF/115.pdf> <a0,fr113>
<../NNMF/116.pdf, id=6132, page=1, 904.07451pt x 446.01506pt>
File: ../NNMF/116.pdf Graphic file (type pdf)
<use ../NNMF/116.pdf, page 1>
Package pdftex.def Info: ../NNMF/116.pdf , page1 used on input line 8.
(pdftex.def)             Requested size: 904.0723pt x 446.01396pt.
 <../NNMF/116.pdf> <a0,fr114>
<../NNMF/117.pdf, id=6186, page=1, 904.07451pt x 446.01506pt>
File: ../NNMF/117.pdf Graphic file (type pdf)
<use ../NNMF/117.pdf, page 1>
Package pdftex.def Info: ../NNMF/117.pdf , page1 used on input line 8.
(pdftex.def)             Requested size: 904.0723pt x 446.01396pt.
 <../NNMF/117.pdf> <a0,fr115>
<../NNMF/118.pdf, id=6240, page=1, 904.07451pt x 446.01506pt>
File: ../NNMF/118.pdf Graphic file (type pdf)
<use ../NNMF/118.pdf, page 1>
Package pdftex.def Info: ../NNMF/118.pdf , page1 used on input line 8.
(pdftex.def)             Requested size: 904.0723pt x 446.01396pt.
 <../NNMF/118.pdf> <a0,fr116>
<../NNMF/119.pdf, id=6294, page=1, 904.07451pt x 446.01506pt>
File: ../NNMF/119.pdf Graphic file (type pdf)
<use ../NNMF/119.pdf, page 1>
Package pdftex.def Info: ../NNMF/119.pdf , page1 used on input line 8.
(pdftex.def)             Requested size: 904.0723pt x 446.01396pt.
 <../NNMF/119.pdf> <a0,fr117>
<../NNMF/120.pdf, id=6348, page=1, 904.07451pt x 446.01506pt>
File: ../NNMF/120.pdf Graphic file (type pdf)
<use ../NNMF/120.pdf, page 1>
Package pdftex.def Info: ../NNMF/120.pdf , page1 used on input line 8.
(pdftex.def)             Requested size: 904.0723pt x 446.01396pt.
 <../NNMF/120.pdf> <a0,fr118>
<../NNMF/121.pdf, id=6402, page=1, 904.07451pt x 446.01506pt>
File: ../NNMF/121.pdf Graphic file (type pdf)
<use ../NNMF/121.pdf, page 1>
Package pdftex.def Info: ../NNMF/121.pdf , page1 used on input line 8.
(pdftex.def)             Requested size: 904.0723pt x 446.01396pt.
 <../NNMF/121.pdf>
<a0,fr119>
<../NNMF/122.pdf, id=6456, page=1, 904.07451pt x 446.01506pt>
File: ../NNMF/122.pdf Graphic file (type pdf)
<use ../NNMF/122.pdf, page 1>
Package pdftex.def Info: ../NNMF/122.pdf , page1 used on input line 8.
(pdftex.def)             Requested size: 904.0723pt x 446.01396pt.
 <../NNMF/122.pdf> <a0,fr120>
<../NNMF/123.pdf, id=6510, page=1, 904.07451pt x 446.01506pt>
File: ../NNMF/123.pdf Graphic file (type pdf)
<use ../NNMF/123.pdf, page 1>
Package pdftex.def Info: ../NNMF/123.pdf , page1 used on input line 8.
(pdftex.def)             Requested size: 904.0723pt x 446.01396pt.
 <../NNMF/123.pdf> <a0,fr121>
<../NNMF/124.pdf, id=6564, page=1, 904.07451pt x 446.01506pt>
File: ../NNMF/124.pdf Graphic file (type pdf)
<use ../NNMF/124.pdf, page 1>
Package pdftex.def Info: ../NNMF/124.pdf , page1 used on input line 8.
(pdftex.def)             Requested size: 904.0723pt x 446.01396pt.
 <../NNMF/124.pdf> <a0,fr122>
<../NNMF/125.pdf, id=6618, page=1, 904.07451pt x 446.01506pt>
File: ../NNMF/125.pdf Graphic file (type pdf)
<use ../NNMF/125.pdf, page 1>
Package pdftex.def Info: ../NNMF/125.pdf , page1 used on input line 8.
(pdftex.def)             Requested size: 904.0723pt x 446.01396pt.
 <../NNMF/125.pdf> <a0,fr123>
<../NNMF/126.pdf, id=6672, page=1, 904.07451pt x 446.01506pt>
File: ../NNMF/126.pdf Graphic file (type pdf)
<use ../NNMF/126.pdf, page 1>
Package pdftex.def Info: ../NNMF/126.pdf , page1 used on input line 8.
(pdftex.def)             Requested size: 904.0723pt x 446.01396pt.
 <../NNMF/126.pdf> <a0,fr124>
<../NNMF/127.pdf, id=6726, page=1, 904.07451pt x 446.01506pt>
File: ../NNMF/127.pdf Graphic file (type pdf)
<use ../NNMF/127.pdf, page 1>
Package pdftex.def Info: ../NNMF/127.pdf , page1 used on input line 8.
(pdftex.def)             Requested size: 904.0723pt x 446.01396pt.
 <../NNMF/127.pdf> <a0,fr125>
<../NNMF/128.pdf, id=6780, page=1, 904.07451pt x 446.01506pt>
File: ../NNMF/128.pdf Graphic file (type pdf)
<use ../NNMF/128.pdf, page 1>
Package pdftex.def Info: ../NNMF/128.pdf , page1 used on input line 8.
(pdftex.def)             Requested size: 904.0723pt x 446.01396pt.
 <../NNMF/128.pdf> <a0,fr126>
<../NNMF/129.pdf, id=6834, page=1, 904.07451pt x 446.01506pt>
File: ../NNMF/129.pdf Graphic file (type pdf)
<use ../NNMF/129.pdf, page 1>
Package pdftex.def Info: ../NNMF/129.pdf , page1 used on input line 8.
(pdftex.def)             Requested size: 904.0723pt x 446.01396pt.
 <../NNMF/129.pdf>
<a0,fr127>
<../NNMF/130.pdf, id=6888, page=1, 904.07451pt x 446.01506pt>
File: ../NNMF/130.pdf Graphic file (type pdf)
<use ../NNMF/130.pdf, page 1>
Package pdftex.def Info: ../NNMF/130.pdf , page1 used on input line 8.
(pdftex.def)             Requested size: 904.0723pt x 446.01396pt.
 <../NNMF/130.pdf> <a0,fr128>
<../NNMF/131.pdf, id=6942, page=1, 904.07451pt x 446.01506pt>
File: ../NNMF/131.pdf Graphic file (type pdf)
<use ../NNMF/131.pdf, page 1>
Package pdftex.def Info: ../NNMF/131.pdf , page1 used on input line 8.
(pdftex.def)             Requested size: 904.0723pt x 446.01396pt.
 <../NNMF/131.pdf> <a0,fr129>
<../NNMF/132.pdf, id=6996, page=1, 904.07451pt x 446.01506pt>
File: ../NNMF/132.pdf Graphic file (type pdf)
<use ../NNMF/132.pdf, page 1>
Package pdftex.def Info: ../NNMF/132.pdf , page1 used on input line 8.
(pdftex.def)             Requested size: 904.0723pt x 446.01396pt.
 <../NNMF/132.pdf> <a0,fr130>
<../NNMF/133.pdf, id=7050, page=1, 904.07451pt x 446.01506pt>
File: ../NNMF/133.pdf Graphic file (type pdf)
<use ../NNMF/133.pdf, page 1>
Package pdftex.def Info: ../NNMF/133.pdf , page1 used on input line 8.
(pdftex.def)             Requested size: 904.0723pt x 446.01396pt.
 <../NNMF/133.pdf> <a0,fr131>
<../NNMF/134.pdf, id=7104, page=1, 904.07451pt x 446.01506pt>
File: ../NNMF/134.pdf Graphic file (type pdf)
<use ../NNMF/134.pdf, page 1>
Package pdftex.def Info: ../NNMF/134.pdf , page1 used on input line 8.
(pdftex.def)             Requested size: 904.0723pt x 446.01396pt.
 <../NNMF/134.pdf> <a0,fr132>
<../NNMF/135.pdf, id=7158, page=1, 904.07451pt x 446.01506pt>
File: ../NNMF/135.pdf Graphic file (type pdf)
<use ../NNMF/135.pdf, page 1>
Package pdftex.def Info: ../NNMF/135.pdf , page1 used on input line 8.
(pdftex.def)             Requested size: 904.0723pt x 446.01396pt.
 <../NNMF/135.pdf> <a0,fr133>
<../NNMF/136.pdf, id=7212, page=1, 904.07451pt x 446.01506pt>
File: ../NNMF/136.pdf Graphic file (type pdf)
<use ../NNMF/136.pdf, page 1>
Package pdftex.def Info: ../NNMF/136.pdf , page1 used on input line 8.
(pdftex.def)             Requested size: 904.0723pt x 446.01396pt.
 <../NNMF/136.pdf> <a0,fr134>
<../NNMF/137.pdf, id=7266, page=1, 904.07451pt x 446.01506pt>
File: ../NNMF/137.pdf Graphic file (type pdf)
<use ../NNMF/137.pdf, page 1>
Package pdftex.def Info: ../NNMF/137.pdf , page1 used on input line 8.
(pdftex.def)             Requested size: 904.0723pt x 446.01396pt.
 <../NNMF/137.pdf>
<a0,fr135>
<../NNMF/138.pdf, id=7320, page=1, 904.07451pt x 446.01506pt>
File: ../NNMF/138.pdf Graphic file (type pdf)
<use ../NNMF/138.pdf, page 1>
Package pdftex.def Info: ../NNMF/138.pdf , page1 used on input line 8.
(pdftex.def)             Requested size: 904.0723pt x 446.01396pt.
 <../NNMF/138.pdf> <a0,fr136>
<../NNMF/139.pdf, id=7374, page=1, 904.07451pt x 446.01506pt>
File: ../NNMF/139.pdf Graphic file (type pdf)
<use ../NNMF/139.pdf, page 1>
Package pdftex.def Info: ../NNMF/139.pdf , page1 used on input line 8.
(pdftex.def)             Requested size: 904.0723pt x 446.01396pt.
 <../NNMF/139.pdf> <a0,fr137>
<../NNMF/140.pdf, id=7428, page=1, 904.07451pt x 446.01506pt>
File: ../NNMF/140.pdf Graphic file (type pdf)
<use ../NNMF/140.pdf, page 1>
Package pdftex.def Info: ../NNMF/140.pdf , page1 used on input line 8.
(pdftex.def)             Requested size: 904.0723pt x 446.01396pt.
 <../NNMF/140.pdf> <a0,fr138>
<../NNMF/141.pdf, id=7482, page=1, 904.07451pt x 446.01506pt>
File: ../NNMF/141.pdf Graphic file (type pdf)
<use ../NNMF/141.pdf, page 1>
Package pdftex.def Info: ../NNMF/141.pdf , page1 used on input line 8.
(pdftex.def)             Requested size: 904.0723pt x 446.01396pt.
 <../NNMF/141.pdf> <a0,fr139>
<../NNMF/142.pdf, id=7536, page=1, 904.07451pt x 446.01506pt>
File: ../NNMF/142.pdf Graphic file (type pdf)
<use ../NNMF/142.pdf, page 1>
Package pdftex.def Info: ../NNMF/142.pdf , page1 used on input line 8.
(pdftex.def)             Requested size: 904.0723pt x 446.01396pt.
 <../NNMF/142.pdf> <a0,fr140>
<../NNMF/143.pdf, id=7590, page=1, 904.07451pt x 446.01506pt>
File: ../NNMF/143.pdf Graphic file (type pdf)
<use ../NNMF/143.pdf, page 1>
Package pdftex.def Info: ../NNMF/143.pdf , page1 used on input line 8.
(pdftex.def)             Requested size: 904.0723pt x 446.01396pt.
 <../NNMF/143.pdf> <a0,fr141>
<../NNMF/144.pdf, id=7644, page=1, 904.07451pt x 446.01506pt>
File: ../NNMF/144.pdf Graphic file (type pdf)
<use ../NNMF/144.pdf, page 1>
Package pdftex.def Info: ../NNMF/144.pdf , page1 used on input line 8.
(pdftex.def)             Requested size: 904.0723pt x 446.01396pt.
 <../NNMF/144.pdf> <a0,fr142>
<../NNMF/145.pdf, id=7698, page=1, 904.07451pt x 446.01506pt>
File: ../NNMF/145.pdf Graphic file (type pdf)
<use ../NNMF/145.pdf, page 1>
Package pdftex.def Info: ../NNMF/145.pdf , page1 used on input line 8.
(pdftex.def)             Requested size: 904.0723pt x 446.01396pt.
 <../NNMF/145.pdf>
<a0,fr143>
<../NNMF/146.pdf, id=7752, page=1, 904.07451pt x 446.01506pt>
File: ../NNMF/146.pdf Graphic file (type pdf)
<use ../NNMF/146.pdf, page 1>
Package pdftex.def Info: ../NNMF/146.pdf , page1 used on input line 8.
(pdftex.def)             Requested size: 904.0723pt x 446.01396pt.
 <../NNMF/146.pdf> <a0,fr144>
<../NNMF/147.pdf, id=7806, page=1, 904.07451pt x 446.01506pt>
File: ../NNMF/147.pdf Graphic file (type pdf)
<use ../NNMF/147.pdf, page 1>
Package pdftex.def Info: ../NNMF/147.pdf , page1 used on input line 8.
(pdftex.def)             Requested size: 904.0723pt x 446.01396pt.
 <../NNMF/147.pdf> <a0,fr145>
<../NNMF/148.pdf, id=7860, page=1, 904.07451pt x 446.01506pt>
File: ../NNMF/148.pdf Graphic file (type pdf)
<use ../NNMF/148.pdf, page 1>
Package pdftex.def Info: ../NNMF/148.pdf , page1 used on input line 8.
(pdftex.def)             Requested size: 904.0723pt x 446.01396pt.
 <../NNMF/148.pdf> <a0,fr146>
<../NNMF/149.pdf, id=7914, page=1, 904.07451pt x 446.01506pt>
File: ../NNMF/149.pdf Graphic file (type pdf)
<use ../NNMF/149.pdf, page 1>
Package pdftex.def Info: ../NNMF/149.pdf , page1 used on input line 8.
(pdftex.def)             Requested size: 904.0723pt x 446.01396pt.
 <../NNMF/149.pdf> <a0,fr147>
<../NNMF/150.pdf, id=7968, page=1, 904.07451pt x 446.01506pt>
File: ../NNMF/150.pdf Graphic file (type pdf)
<use ../NNMF/150.pdf, page 1>
Package pdftex.def Info: ../NNMF/150.pdf , page1 used on input line 8.
(pdftex.def)             Requested size: 904.0723pt x 446.01396pt.
 <../NNMF/150.pdf> <a0,fr148>
<../NNMF/151.pdf, id=8022, page=1, 904.07451pt x 446.01506pt>
File: ../NNMF/151.pdf Graphic file (type pdf)
<use ../NNMF/151.pdf, page 1>
Package pdftex.def Info: ../NNMF/151.pdf , page1 used on input line 8.
(pdftex.def)             Requested size: 904.0723pt x 446.01396pt.
 <../NNMF/151.pdf> <a0,fr149>
<../NNMF/152.pdf, id=8076, page=1, 904.07451pt x 446.01506pt>
File: ../NNMF/152.pdf Graphic file (type pdf)
<use ../NNMF/152.pdf, page 1>
Package pdftex.def Info: ../NNMF/152.pdf , page1 used on input line 8.
(pdftex.def)             Requested size: 904.0723pt x 446.01396pt.
 <../NNMF/152.pdf> <a0,fr150>
<../NNMF/153.pdf, id=8130, page=1, 904.07451pt x 446.01506pt>
File: ../NNMF/153.pdf Graphic file (type pdf)
<use ../NNMF/153.pdf, page 1>
Package pdftex.def Info: ../NNMF/153.pdf , page1 used on input line 8.
(pdftex.def)             Requested size: 904.0723pt x 446.01396pt.
 <../NNMF/153.pdf>
<a0,fr151>
<../NNMF/154.pdf, id=8184, page=1, 904.07451pt x 446.01506pt>
File: ../NNMF/154.pdf Graphic file (type pdf)
<use ../NNMF/154.pdf, page 1>
Package pdftex.def Info: ../NNMF/154.pdf , page1 used on input line 8.
(pdftex.def)             Requested size: 904.0723pt x 446.01396pt.
 <../NNMF/154.pdf> <a0,fr152>
<../NNMF/155.pdf, id=8238, page=1, 904.07451pt x 446.01506pt>
File: ../NNMF/155.pdf Graphic file (type pdf)
<use ../NNMF/155.pdf, page 1>
Package pdftex.def Info: ../NNMF/155.pdf , page1 used on input line 8.
(pdftex.def)             Requested size: 904.0723pt x 446.01396pt.
 <../NNMF/155.pdf> <a0,fr153>
<../NNMF/156.pdf, id=8292, page=1, 904.07451pt x 446.01506pt>
File: ../NNMF/156.pdf Graphic file (type pdf)
<use ../NNMF/156.pdf, page 1>
Package pdftex.def Info: ../NNMF/156.pdf , page1 used on input line 8.
(pdftex.def)             Requested size: 904.0723pt x 446.01396pt.
 <../NNMF/156.pdf> <a0,fr154>
<../NNMF/157.pdf, id=8346, page=1, 904.07451pt x 446.01506pt>
File: ../NNMF/157.pdf Graphic file (type pdf)
<use ../NNMF/157.pdf, page 1>
Package pdftex.def Info: ../NNMF/157.pdf , page1 used on input line 8.
(pdftex.def)             Requested size: 904.0723pt x 446.01396pt.
 <../NNMF/157.pdf> <a0,fr155>
<../NNMF/158.pdf, id=8400, page=1, 904.07451pt x 446.01506pt>
File: ../NNMF/158.pdf Graphic file (type pdf)
<use ../NNMF/158.pdf, page 1>
Package pdftex.def Info: ../NNMF/158.pdf , page1 used on input line 8.
(pdftex.def)             Requested size: 904.0723pt x 446.01396pt.
 <../NNMF/158.pdf> <a0,fr156>
<../NNMF/159.pdf, id=8454, page=1, 904.07451pt x 446.01506pt>
File: ../NNMF/159.pdf Graphic file (type pdf)
<use ../NNMF/159.pdf, page 1>
Package pdftex.def Info: ../NNMF/159.pdf , page1 used on input line 8.
(pdftex.def)             Requested size: 904.0723pt x 446.01396pt.
 <../NNMF/159.pdf> <a0,fr157>
<../NNMF/160.pdf, id=8508, page=1, 904.07451pt x 446.01506pt>
File: ../NNMF/160.pdf Graphic file (type pdf)
<use ../NNMF/160.pdf, page 1>
Package pdftex.def Info: ../NNMF/160.pdf , page1 used on input line 8.
(pdftex.def)             Requested size: 904.0723pt x 446.01396pt.
 <../NNMF/160.pdf> <a0,fr158>
<../NNMF/161.pdf, id=8562, page=1, 904.07451pt x 446.01506pt>
File: ../NNMF/161.pdf Graphic file (type pdf)
<use ../NNMF/161.pdf, page 1>
Package pdftex.def Info: ../NNMF/161.pdf , page1 used on input line 8.
(pdftex.def)             Requested size: 904.0723pt x 446.01396pt.
 <../NNMF/161.pdf>
<a0,fr159>
<../NNMF/162.pdf, id=8616, page=1, 904.07451pt x 446.01506pt>
File: ../NNMF/162.pdf Graphic file (type pdf)
<use ../NNMF/162.pdf, page 1>
Package pdftex.def Info: ../NNMF/162.pdf , page1 used on input line 8.
(pdftex.def)             Requested size: 904.0723pt x 446.01396pt.
 <../NNMF/162.pdf> <a0,fr160>
<../NNMF/163.pdf, id=8670, page=1, 904.07451pt x 446.01506pt>
File: ../NNMF/163.pdf Graphic file (type pdf)
<use ../NNMF/163.pdf, page 1>
Package pdftex.def Info: ../NNMF/163.pdf , page1 used on input line 8.
(pdftex.def)             Requested size: 904.0723pt x 446.01396pt.
 <../NNMF/163.pdf> <a0,fr161>
<../NNMF/164.pdf, id=8724, page=1, 904.07451pt x 446.01506pt>
File: ../NNMF/164.pdf Graphic file (type pdf)
<use ../NNMF/164.pdf, page 1>
Package pdftex.def Info: ../NNMF/164.pdf , page1 used on input line 8.
(pdftex.def)             Requested size: 904.0723pt x 446.01396pt.
 <../NNMF/164.pdf> <a0,fr162>
<../NNMF/165.pdf, id=8778, page=1, 904.07451pt x 446.01506pt>
File: ../NNMF/165.pdf Graphic file (type pdf)
<use ../NNMF/165.pdf, page 1>
Package pdftex.def Info: ../NNMF/165.pdf , page1 used on input line 8.
(pdftex.def)             Requested size: 904.0723pt x 446.01396pt.
 <../NNMF/165.pdf> <a0,fr163>
<../NNMF/166.pdf, id=8831, page=1, 904.07451pt x 446.01506pt>
File: ../NNMF/166.pdf Graphic file (type pdf)
<use ../NNMF/166.pdf, page 1>
Package pdftex.def Info: ../NNMF/166.pdf , page1 used on input line 8.
(pdftex.def)             Requested size: 904.0723pt x 446.01396pt.
 <../NNMF/166.pdf> <a0,fr164>
<../NNMF/167.pdf, id=8885, page=1, 904.07451pt x 446.01506pt>
File: ../NNMF/167.pdf Graphic file (type pdf)
<use ../NNMF/167.pdf, page 1>
Package pdftex.def Info: ../NNMF/167.pdf , page1 used on input line 8.
(pdftex.def)             Requested size: 904.0723pt x 446.01396pt.
 <../NNMF/167.pdf> <a0,fr165>
<../NNMF/168.pdf, id=8939, page=1, 905.66542pt x 446.01506pt>
File: ../NNMF/168.pdf Graphic file (type pdf)
<use ../NNMF/168.pdf, page 1>
Package pdftex.def Info: ../NNMF/168.pdf , page1 used on input line 8.
(pdftex.def)             Requested size: 905.66321pt x 446.01396pt.
 <../NNMF/168.pdf> <a0,fr166>
<../NNMF/169.pdf, id=8993, page=1, 904.07451pt x 446.01506pt>
File: ../NNMF/169.pdf Graphic file (type pdf)
<use ../NNMF/169.pdf, page 1>
Package pdftex.def Info: ../NNMF/169.pdf , page1 used on input line 8.
(pdftex.def)             Requested size: 904.0723pt x 446.01396pt.
 <../NNMF/169.pdf>
<a0,fr167>
<../NNMF/170.pdf, id=9047, page=1, 904.07451pt x 446.01506pt>
File: ../NNMF/170.pdf Graphic file (type pdf)
<use ../NNMF/170.pdf, page 1>
Package pdftex.def Info: ../NNMF/170.pdf , page1 used on input line 8.
(pdftex.def)             Requested size: 904.0723pt x 446.01396pt.
 <../NNMF/170.pdf> <a0,fr168>
<../NNMF/171.pdf, id=9101, page=1, 904.07451pt x 446.01506pt>
File: ../NNMF/171.pdf Graphic file (type pdf)
<use ../NNMF/171.pdf, page 1>
Package pdftex.def Info: ../NNMF/171.pdf , page1 used on input line 8.
(pdftex.def)             Requested size: 904.0723pt x 446.01396pt.
 <../NNMF/171.pdf> <a0,fr169>
<../NNMF/172.pdf, id=9155, page=1, 904.07451pt x 446.01506pt>
File: ../NNMF/172.pdf Graphic file (type pdf)
<use ../NNMF/172.pdf, page 1>
Package pdftex.def Info: ../NNMF/172.pdf , page1 used on input line 8.
(pdftex.def)             Requested size: 904.0723pt x 446.01396pt.
 <../NNMF/172.pdf> <a0,fr170>
<../NNMF/173.pdf, id=9209, page=1, 904.07451pt x 446.01506pt>
File: ../NNMF/173.pdf Graphic file (type pdf)
<use ../NNMF/173.pdf, page 1>
Package pdftex.def Info: ../NNMF/173.pdf , page1 used on input line 8.
(pdftex.def)             Requested size: 904.0723pt x 446.01396pt.
 <../NNMF/173.pdf> <a0,fr171>
<../NNMF/174.pdf, id=9262, page=1, 904.07451pt x 446.01506pt>
File: ../NNMF/174.pdf Graphic file (type pdf)
<use ../NNMF/174.pdf, page 1>
Package pdftex.def Info: ../NNMF/174.pdf , page1 used on input line 8.
(pdftex.def)             Requested size: 904.0723pt x 446.01396pt.
 <../NNMF/174.pdf> <a0,fr172>
<../NNMF/175.pdf, id=9316, page=1, 904.07451pt x 446.01506pt>
File: ../NNMF/175.pdf Graphic file (type pdf)
<use ../NNMF/175.pdf, page 1>
Package pdftex.def Info: ../NNMF/175.pdf , page1 used on input line 8.
(pdftex.def)             Requested size: 904.0723pt x 446.01396pt.
 <../NNMF/175.pdf> <a0,fr173>
<../NNMF/176.pdf, id=9369, page=1, 904.07451pt x 446.01506pt>
File: ../NNMF/176.pdf Graphic file (type pdf)
<use ../NNMF/176.pdf, page 1>
Package pdftex.def Info: ../NNMF/176.pdf , page1 used on input line 8.
(pdftex.def)             Requested size: 904.0723pt x 446.01396pt.
 <../NNMF/176.pdf> <a0,fr174>
<../NNMF/177.pdf, id=9423, page=1, 904.07451pt x 446.01506pt>
File: ../NNMF/177.pdf Graphic file (type pdf)
<use ../NNMF/177.pdf, page 1>
Package pdftex.def Info: ../NNMF/177.pdf , page1 used on input line 8.
(pdftex.def)             Requested size: 904.0723pt x 446.01396pt.
 <../NNMF/177.pdf>
<a0,fr175>
<../NNMF/178.pdf, id=9477, page=1, 904.07451pt x 446.01506pt>
File: ../NNMF/178.pdf Graphic file (type pdf)
<use ../NNMF/178.pdf, page 1>
Package pdftex.def Info: ../NNMF/178.pdf , page1 used on input line 8.
(pdftex.def)             Requested size: 904.0723pt x 446.01396pt.
 <../NNMF/178.pdf> <a0,fr176>
<../NNMF/179.pdf, id=9531, page=1, 904.07451pt x 446.01506pt>
File: ../NNMF/179.pdf Graphic file (type pdf)
<use ../NNMF/179.pdf, page 1>
Package pdftex.def Info: ../NNMF/179.pdf , page1 used on input line 8.
(pdftex.def)             Requested size: 904.0723pt x 446.01396pt.
 <../NNMF/179.pdf> <a0,fr177>
<../NNMF/180.pdf, id=9585, page=1, 904.07451pt x 446.01506pt>
File: ../NNMF/180.pdf Graphic file (type pdf)
<use ../NNMF/180.pdf, page 1>
Package pdftex.def Info: ../NNMF/180.pdf , page1 used on input line 8.
(pdftex.def)             Requested size: 904.0723pt x 446.01396pt.
 <../NNMF/180.pdf> <a0,fr178>
<../NNMF/181.pdf, id=9638, page=1, 904.07451pt x 446.01506pt>
File: ../NNMF/181.pdf Graphic file (type pdf)
<use ../NNMF/181.pdf, page 1>
Package pdftex.def Info: ../NNMF/181.pdf , page1 used on input line 8.
(pdftex.def)             Requested size: 904.0723pt x 446.01396pt.
 <../NNMF/181.pdf> <a0,fr179>
<../NNMF/182.pdf, id=9692, page=1, 904.07451pt x 446.01506pt>
File: ../NNMF/182.pdf Graphic file (type pdf)
<use ../NNMF/182.pdf, page 1>
Package pdftex.def Info: ../NNMF/182.pdf , page1 used on input line 8.
(pdftex.def)             Requested size: 904.0723pt x 446.01396pt.
 <../NNMF/182.pdf> <a0,fr180>
<../NNMF/183.pdf, id=9746, page=1, 904.07451pt x 446.01506pt>
File: ../NNMF/183.pdf Graphic file (type pdf)
<use ../NNMF/183.pdf, page 1>
Package pdftex.def Info: ../NNMF/183.pdf , page1 used on input line 8.
(pdftex.def)             Requested size: 904.0723pt x 446.01396pt.
 <../NNMF/183.pdf> <a0,fr181>
<../NNMF/184.pdf, id=9800, page=1, 904.07451pt x 446.01506pt>
File: ../NNMF/184.pdf Graphic file (type pdf)
<use ../NNMF/184.pdf, page 1>
Package pdftex.def Info: ../NNMF/184.pdf , page1 used on input line 8.
(pdftex.def)             Requested size: 904.0723pt x 446.01396pt.
 <../NNMF/184.pdf> <a0,fr182>
<../NNMF/185.pdf, id=9854, page=1, 904.07451pt x 446.01506pt>
File: ../NNMF/185.pdf Graphic file (type pdf)
<use ../NNMF/185.pdf, page 1>
Package pdftex.def Info: ../NNMF/185.pdf , page1 used on input line 8.
(pdftex.def)             Requested size: 904.0723pt x 446.01396pt.
 <../NNMF/185.pdf>
<a0,fr183>
<../NNMF/186.pdf, id=9908, page=1, 904.07451pt x 446.01506pt>
File: ../NNMF/186.pdf Graphic file (type pdf)
<use ../NNMF/186.pdf, page 1>
Package pdftex.def Info: ../NNMF/186.pdf , page1 used on input line 8.
(pdftex.def)             Requested size: 904.0723pt x 446.01396pt.
 <../NNMF/186.pdf> <a0,fr184>
<../NNMF/187.pdf, id=9962, page=1, 904.07451pt x 446.01506pt>
File: ../NNMF/187.pdf Graphic file (type pdf)
<use ../NNMF/187.pdf, page 1>
Package pdftex.def Info: ../NNMF/187.pdf , page1 used on input line 8.
(pdftex.def)             Requested size: 904.0723pt x 446.01396pt.
 <../NNMF/187.pdf> <a0,fr185>
<../NNMF/188.pdf, id=10016, page=1, 904.07451pt x 446.01506pt>
File: ../NNMF/188.pdf Graphic file (type pdf)
<use ../NNMF/188.pdf, page 1>
Package pdftex.def Info: ../NNMF/188.pdf , page1 used on input line 8.
(pdftex.def)             Requested size: 904.0723pt x 446.01396pt.
 <../NNMF/188.pdf> <a0,fr186>
<../NNMF/189.pdf, id=10070, page=1, 904.07451pt x 446.01506pt>
File: ../NNMF/189.pdf Graphic file (type pdf)
<use ../NNMF/189.pdf, page 1>
Package pdftex.def Info: ../NNMF/189.pdf , page1 used on input line 8.
(pdftex.def)             Requested size: 904.0723pt x 446.01396pt.
 <../NNMF/189.pdf> <a0,fr187>
<../NNMF/190.pdf, id=10124, page=1, 904.07451pt x 446.01506pt>
File: ../NNMF/190.pdf Graphic file (type pdf)
<use ../NNMF/190.pdf, page 1>
Package pdftex.def Info: ../NNMF/190.pdf , page1 used on input line 8.
(pdftex.def)             Requested size: 904.0723pt x 446.01396pt.
 <../NNMF/190.pdf> <a0,fr188>
<../NNMF/191.pdf, id=10178, page=1, 904.07451pt x 446.01506pt>
File: ../NNMF/191.pdf Graphic file (type pdf)
<use ../NNMF/191.pdf, page 1>
Package pdftex.def Info: ../NNMF/191.pdf , page1 used on input line 8.
(pdftex.def)             Requested size: 904.0723pt x 446.01396pt.
 <../NNMF/191.pdf> <a0,fr189>
<../NNMF/192.pdf, id=10232, page=1, 905.0668pt x 446.01506pt>
File: ../NNMF/192.pdf Graphic file (type pdf)
<use ../NNMF/192.pdf, page 1>
Package pdftex.def Info: ../NNMF/192.pdf , page1 used on input line 8.
(pdftex.def)             Requested size: 905.06459pt x 446.01396pt.
 <../NNMF/192.pdf> <a0,fr190>
<../NNMF/193.pdf, id=10286, page=1, 904.07451pt x 446.01506pt>
File: ../NNMF/193.pdf Graphic file (type pdf)
<use ../NNMF/193.pdf, page 1>
Package pdftex.def Info: ../NNMF/193.pdf , page1 used on input line 8.
(pdftex.def)             Requested size: 904.0723pt x 446.01396pt.
 <../NNMF/193.pdf>
<a0,fr191>
<../NNMF/194.pdf, id=10340, page=1, 904.07451pt x 446.01506pt>
File: ../NNMF/194.pdf Graphic file (type pdf)
<use ../NNMF/194.pdf, page 1>
Package pdftex.def Info: ../NNMF/194.pdf , page1 used on input line 8.
(pdftex.def)             Requested size: 904.0723pt x 446.01396pt.
 <../NNMF/194.pdf> <a0,fr192>
<../NNMF/195.pdf, id=10393, page=1, 904.07451pt x 446.01506pt>
File: ../NNMF/195.pdf Graphic file (type pdf)
<use ../NNMF/195.pdf, page 1>
Package pdftex.def Info: ../NNMF/195.pdf , page1 used on input line 8.
(pdftex.def)             Requested size: 904.0723pt x 446.01396pt.
 <../NNMF/195.pdf> <a0,fr193>
<../NNMF/196.pdf, id=10447, page=1, 904.07451pt x 446.01506pt>
File: ../NNMF/196.pdf Graphic file (type pdf)
<use ../NNMF/196.pdf, page 1>
Package pdftex.def Info: ../NNMF/196.pdf , page1 used on input line 8.
(pdftex.def)             Requested size: 904.0723pt x 446.01396pt.
 <../NNMF/196.pdf> <a0,fr194>
<../NNMF/197.pdf, id=10500, page=1, 904.07451pt x 446.01506pt>
File: ../NNMF/197.pdf Graphic file (type pdf)
<use ../NNMF/197.pdf, page 1>
Package pdftex.def Info: ../NNMF/197.pdf , page1 used on input line 8.
(pdftex.def)             Requested size: 904.0723pt x 446.01396pt.
 <../NNMF/197.pdf> <a0,fr195>
<../NNMF/198.pdf, id=10554, page=1, 904.07451pt x 446.01506pt>
File: ../NNMF/198.pdf Graphic file (type pdf)
<use ../NNMF/198.pdf, page 1>
Package pdftex.def Info: ../NNMF/198.pdf , page1 used on input line 8.
(pdftex.def)             Requested size: 904.0723pt x 446.01396pt.
 <../NNMF/198.pdf> <a0,fr196>
<../NNMF/199.pdf, id=10608, page=1, 904.07451pt x 446.01506pt>
File: ../NNMF/199.pdf Graphic file (type pdf)
<use ../NNMF/199.pdf, page 1>
Package pdftex.def Info: ../NNMF/199.pdf , page1 used on input line 8.
(pdftex.def)             Requested size: 904.0723pt x 446.01396pt.
 <../NNMF/199.pdf> <a0,fr197>
<../NNMF/200.pdf, id=10662, page=1, 904.07451pt x 446.01506pt>
File: ../NNMF/200.pdf Graphic file (type pdf)
<use ../NNMF/200.pdf, page 1>
Package pdftex.def Info: ../NNMF/200.pdf , page1 used on input line 8.
(pdftex.def)             Requested size: 904.0723pt x 446.01396pt.
 <../NNMF/200.pdf> <a0,fr198>
<../NNMF/201.pdf, id=10715, page=1, 904.07451pt x 446.01506pt>
File: ../NNMF/201.pdf Graphic file (type pdf)
<use ../NNMF/201.pdf, page 1>
Package pdftex.def Info: ../NNMF/201.pdf , page1 used on input line 8.
(pdftex.def)             Requested size: 904.0723pt x 446.01396pt.
 <../NNMF/201.pdf>
<a0,fr199>
<../NNMF/202.pdf, id=10769, page=1, 904.07451pt x 446.01506pt>
File: ../NNMF/202.pdf Graphic file (type pdf)
<use ../NNMF/202.pdf, page 1>
Package pdftex.def Info: ../NNMF/202.pdf , page1 used on input line 8.
(pdftex.def)             Requested size: 904.0723pt x 446.01396pt.
 <../NNMF/202.pdf> <a0,fr200>
<../NNMF/203.pdf, id=10823, page=1, 904.07451pt x 446.01506pt>
File: ../NNMF/203.pdf Graphic file (type pdf)
<use ../NNMF/203.pdf, page 1>
Package pdftex.def Info: ../NNMF/203.pdf , page1 used on input line 8.
(pdftex.def)             Requested size: 904.0723pt x 446.01396pt.
 <../NNMF/203.pdf> <a0,fr201>
<../NNMF/204.pdf, id=10877, page=1, 904.07451pt x 446.01506pt>
File: ../NNMF/204.pdf Graphic file (type pdf)
<use ../NNMF/204.pdf, page 1>
Package pdftex.def Info: ../NNMF/204.pdf , page1 used on input line 8.
(pdftex.def)             Requested size: 904.0723pt x 446.01396pt.
 <../NNMF/204.pdf> <a0,fr202>
<../NNMF/205.pdf, id=10931, page=1, 904.07451pt x 446.01506pt>
File: ../NNMF/205.pdf Graphic file (type pdf)
<use ../NNMF/205.pdf, page 1>
Package pdftex.def Info: ../NNMF/205.pdf , page1 used on input line 8.
(pdftex.def)             Requested size: 904.0723pt x 446.01396pt.
 <../NNMF/205.pdf> <a0,fr203>
<../NNMF/206.pdf, id=10985, page=1, 904.07451pt x 446.01506pt>
File: ../NNMF/206.pdf Graphic file (type pdf)
<use ../NNMF/206.pdf, page 1>
Package pdftex.def Info: ../NNMF/206.pdf , page1 used on input line 8.
(pdftex.def)             Requested size: 904.0723pt x 446.01396pt.
 <../NNMF/206.pdf> <a0,fr204>
<../NNMF/207.pdf, id=11038, page=1, 904.07451pt x 446.01506pt>
File: ../NNMF/207.pdf Graphic file (type pdf)
<use ../NNMF/207.pdf, page 1>
Package pdftex.def Info: ../NNMF/207.pdf , page1 used on input line 8.
(pdftex.def)             Requested size: 904.0723pt x 446.01396pt.
 <../NNMF/207.pdf> <a0,fr205>
<../NNMF/208.pdf, id=11092, page=1, 904.07451pt x 446.01506pt>
File: ../NNMF/208.pdf Graphic file (type pdf)
<use ../NNMF/208.pdf, page 1>
Package pdftex.def Info: ../NNMF/208.pdf , page1 used on input line 8.
(pdftex.def)             Requested size: 904.0723pt x 446.01396pt.
 <../NNMF/208.pdf> <a0,fr206>
<../NNMF/209.pdf, id=11145, page=1, 904.07451pt x 446.01506pt>
File: ../NNMF/209.pdf Graphic file (type pdf)
<use ../NNMF/209.pdf, page 1>
Package pdftex.def Info: ../NNMF/209.pdf , page1 used on input line 8.
(pdftex.def)             Requested size: 904.0723pt x 446.01396pt.
 <../NNMF/209.pdf>
<a0,fr207>
<../NNMF/210.pdf, id=11199, page=1, 904.07451pt x 446.01506pt>
File: ../NNMF/210.pdf Graphic file (type pdf)
<use ../NNMF/210.pdf, page 1>
Package pdftex.def Info: ../NNMF/210.pdf , page1 used on input line 8.
(pdftex.def)             Requested size: 904.0723pt x 446.01396pt.
 <../NNMF/210.pdf> <a0,fr208>
<../NNMF/211.pdf, id=11252, page=1, 904.07451pt x 446.01506pt>
File: ../NNMF/211.pdf Graphic file (type pdf)
<use ../NNMF/211.pdf, page 1>
Package pdftex.def Info: ../NNMF/211.pdf , page1 used on input line 8.
(pdftex.def)             Requested size: 904.0723pt x 446.01396pt.
 <../NNMF/211.pdf> <a0,fr209>
<../NNMF/212.pdf, id=11306, page=1, 904.07451pt x 446.01506pt>
File: ../NNMF/212.pdf Graphic file (type pdf)
<use ../NNMF/212.pdf, page 1>
Package pdftex.def Info: ../NNMF/212.pdf , page1 used on input line 8.
(pdftex.def)             Requested size: 904.0723pt x 446.01396pt.
 <../NNMF/212.pdf> <a0,fr210>
<../NNMF/213.pdf, id=11360, page=1, 904.07451pt x 446.01506pt>
File: ../NNMF/213.pdf Graphic file (type pdf)
<use ../NNMF/213.pdf, page 1>
Package pdftex.def Info: ../NNMF/213.pdf , page1 used on input line 8.
(pdftex.def)             Requested size: 904.0723pt x 446.01396pt.
 <../NNMF/213.pdf> <a0,fr211>
<../NNMF/214.pdf, id=11413, page=1, 904.07451pt x 446.01506pt>
File: ../NNMF/214.pdf Graphic file (type pdf)
<use ../NNMF/214.pdf, page 1>
Package pdftex.def Info: ../NNMF/214.pdf , page1 used on input line 8.
(pdftex.def)             Requested size: 904.0723pt x 446.01396pt.
 <../NNMF/214.pdf> <a0,fr212>
<../NNMF/215.pdf, id=11467, page=1, 904.07451pt x 446.01506pt>
File: ../NNMF/215.pdf Graphic file (type pdf)
<use ../NNMF/215.pdf, page 1>
Package pdftex.def Info: ../NNMF/215.pdf , page1 used on input line 8.
(pdftex.def)             Requested size: 904.0723pt x 446.01396pt.
 <../NNMF/215.pdf> <a0,fr213>
<../NNMF/216.pdf, id=11520, page=1, 904.07451pt x 446.01506pt>
File: ../NNMF/216.pdf Graphic file (type pdf)
<use ../NNMF/216.pdf, page 1>
Package pdftex.def Info: ../NNMF/216.pdf , page1 used on input line 8.
(pdftex.def)             Requested size: 904.0723pt x 446.01396pt.
 <../NNMF/216.pdf> <a0,fr214>
<../NNMF/217.pdf, id=11574, page=1, 904.07451pt x 446.01506pt>
File: ../NNMF/217.pdf Graphic file (type pdf)
<use ../NNMF/217.pdf, page 1>
Package pdftex.def Info: ../NNMF/217.pdf , page1 used on input line 8.
(pdftex.def)             Requested size: 904.0723pt x 446.01396pt.
 <../NNMF/217.pdf>
<a0,fr215>
<../NNMF/218.pdf, id=11628, page=1, 904.07451pt x 446.01506pt>
File: ../NNMF/218.pdf Graphic file (type pdf)
<use ../NNMF/218.pdf, page 1>
Package pdftex.def Info: ../NNMF/218.pdf , page1 used on input line 8.
(pdftex.def)             Requested size: 904.0723pt x 446.01396pt.
 <../NNMF/218.pdf> <a0,fr216>
<../NNMF/219.pdf, id=11681, page=1, 904.07451pt x 446.01506pt>
File: ../NNMF/219.pdf Graphic file (type pdf)
<use ../NNMF/219.pdf, page 1>
Package pdftex.def Info: ../NNMF/219.pdf , page1 used on input line 8.
(pdftex.def)             Requested size: 904.0723pt x 446.01396pt.
 <../NNMF/219.pdf> <a0,fr217>
<../NNMF/220.pdf, id=11735, page=1, 904.07451pt x 446.01506pt>
File: ../NNMF/220.pdf Graphic file (type pdf)
<use ../NNMF/220.pdf, page 1>
Package pdftex.def Info: ../NNMF/220.pdf , page1 used on input line 8.
(pdftex.def)             Requested size: 904.0723pt x 446.01396pt.
 <../NNMF/220.pdf> <a0,fr218>
<../NNMF/221.pdf, id=11789, page=1, 904.07451pt x 446.01506pt>
File: ../NNMF/221.pdf Graphic file (type pdf)
<use ../NNMF/221.pdf, page 1>
Package pdftex.def Info: ../NNMF/221.pdf , page1 used on input line 8.
(pdftex.def)             Requested size: 904.0723pt x 446.01396pt.
 <../NNMF/221.pdf> <a0,fr219>
<../NNMF/222.pdf, id=11843, page=1, 904.07451pt x 446.01506pt>
File: ../NNMF/222.pdf Graphic file (type pdf)
<use ../NNMF/222.pdf, page 1>
Package pdftex.def Info: ../NNMF/222.pdf , page1 used on input line 8.
(pdftex.def)             Requested size: 904.0723pt x 446.01396pt.
 <../NNMF/222.pdf> <a0,fr220>
<../NNMF/223.pdf, id=11897, page=1, 904.07451pt x 446.01506pt>
File: ../NNMF/223.pdf Graphic file (type pdf)
<use ../NNMF/223.pdf, page 1>
Package pdftex.def Info: ../NNMF/223.pdf , page1 used on input line 8.
(pdftex.def)             Requested size: 904.0723pt x 446.01396pt.
 <../NNMF/223.pdf> <a0,fr221>
<../NNMF/224.pdf, id=11951, page=1, 904.07451pt x 446.01506pt>
File: ../NNMF/224.pdf Graphic file (type pdf)
<use ../NNMF/224.pdf, page 1>
Package pdftex.def Info: ../NNMF/224.pdf , page1 used on input line 8.
(pdftex.def)             Requested size: 904.0723pt x 446.01396pt.
 <../NNMF/224.pdf> <a0,fr222>
<../NNMF/225.pdf, id=12005, page=1, 904.07451pt x 446.01506pt>
File: ../NNMF/225.pdf Graphic file (type pdf)
<use ../NNMF/225.pdf, page 1>
Package pdftex.def Info: ../NNMF/225.pdf , page1 used on input line 8.
(pdftex.def)             Requested size: 904.0723pt x 446.01396pt.
 <../NNMF/225.pdf>
<a0,fr223>
<../NNMF/226.pdf, id=12058, page=1, 904.07451pt x 446.01506pt>
File: ../NNMF/226.pdf Graphic file (type pdf)
<use ../NNMF/226.pdf, page 1>
Package pdftex.def Info: ../NNMF/226.pdf , page1 used on input line 8.
(pdftex.def)             Requested size: 904.0723pt x 446.01396pt.
 <../NNMF/226.pdf> <a0,fr224>
<../NNMF/227.pdf, id=12111, page=1, 904.07451pt x 446.01506pt>
File: ../NNMF/227.pdf Graphic file (type pdf)
<use ../NNMF/227.pdf, page 1>
Package pdftex.def Info: ../NNMF/227.pdf , page1 used on input line 8.
(pdftex.def)             Requested size: 904.0723pt x 446.01396pt.
 <../NNMF/227.pdf> <a0,fr225>
<../NNMF/228.pdf, id=12165, page=1, 904.07451pt x 446.01506pt>
File: ../NNMF/228.pdf Graphic file (type pdf)
<use ../NNMF/228.pdf, page 1>
Package pdftex.def Info: ../NNMF/228.pdf , page1 used on input line 8.
(pdftex.def)             Requested size: 904.0723pt x 446.01396pt.
 <../NNMF/228.pdf> <a0,fr226>
<../NNMF/229.pdf, id=12219, page=1, 904.07451pt x 446.01506pt>
File: ../NNMF/229.pdf Graphic file (type pdf)
<use ../NNMF/229.pdf, page 1>
Package pdftex.def Info: ../NNMF/229.pdf , page1 used on input line 8.
(pdftex.def)             Requested size: 904.0723pt x 446.01396pt.
 <../NNMF/229.pdf> <a0,fr227>
<../NNMF/230.pdf, id=12273, page=1, 904.07451pt x 446.01506pt>
File: ../NNMF/230.pdf Graphic file (type pdf)
<use ../NNMF/230.pdf, page 1>
Package pdftex.def Info: ../NNMF/230.pdf , page1 used on input line 8.
(pdftex.def)             Requested size: 904.0723pt x 446.01396pt.
 <../NNMF/230.pdf> <a0,fr228>
<../NNMF/231.pdf, id=12327, page=1, 904.07451pt x 446.01506pt>
File: ../NNMF/231.pdf Graphic file (type pdf)
<use ../NNMF/231.pdf, page 1>
Package pdftex.def Info: ../NNMF/231.pdf , page1 used on input line 8.
(pdftex.def)             Requested size: 904.0723pt x 446.01396pt.
 <../NNMF/231.pdf> <a0,fr229>
<../NNMF/232.pdf, id=12381, page=1, 904.07451pt x 446.01506pt>
File: ../NNMF/232.pdf Graphic file (type pdf)
<use ../NNMF/232.pdf, page 1>
Package pdftex.def Info: ../NNMF/232.pdf , page1 used on input line 8.
(pdftex.def)             Requested size: 904.0723pt x 446.01396pt.
 <../NNMF/232.pdf> <a0,fr230>
<../NNMF/233.pdf, id=12435, page=1, 904.07451pt x 446.01506pt>
File: ../NNMF/233.pdf Graphic file (type pdf)
<use ../NNMF/233.pdf, page 1>
Package pdftex.def Info: ../NNMF/233.pdf , page1 used on input line 8.
(pdftex.def)             Requested size: 904.0723pt x 446.01396pt.
 <../NNMF/233.pdf>
<a0,fr231>
<../NNMF/234.pdf, id=12489, page=1, 904.07451pt x 446.01506pt>
File: ../NNMF/234.pdf Graphic file (type pdf)
<use ../NNMF/234.pdf, page 1>
Package pdftex.def Info: ../NNMF/234.pdf , page1 used on input line 8.
(pdftex.def)             Requested size: 904.0723pt x 446.01396pt.
 <../NNMF/234.pdf> <a0,fr232>
<../NNMF/235.pdf, id=12543, page=1, 904.07451pt x 446.01506pt>
File: ../NNMF/235.pdf Graphic file (type pdf)
<use ../NNMF/235.pdf, page 1>
Package pdftex.def Info: ../NNMF/235.pdf , page1 used on input line 8.
(pdftex.def)             Requested size: 904.0723pt x 446.01396pt.
 <../NNMF/235.pdf> <a0,fr233>
<../NNMF/236.pdf, id=12597, page=1, 904.07451pt x 446.01506pt>
File: ../NNMF/236.pdf Graphic file (type pdf)
<use ../NNMF/236.pdf, page 1>
Package pdftex.def Info: ../NNMF/236.pdf , page1 used on input line 8.
(pdftex.def)             Requested size: 904.0723pt x 446.01396pt.
 <../NNMF/236.pdf> <a0,fr234>
<../NNMF/237.pdf, id=12651, page=1, 904.07451pt x 446.01506pt>
File: ../NNMF/237.pdf Graphic file (type pdf)
<use ../NNMF/237.pdf, page 1>
Package pdftex.def Info: ../NNMF/237.pdf , page1 used on input line 8.
(pdftex.def)             Requested size: 904.0723pt x 446.01396pt.
 <../NNMF/237.pdf> <a0,fr235>
<../NNMF/238.pdf, id=12704, page=1, 904.07451pt x 446.01506pt>
File: ../NNMF/238.pdf Graphic file (type pdf)
<use ../NNMF/238.pdf, page 1>
Package pdftex.def Info: ../NNMF/238.pdf , page1 used on input line 8.
(pdftex.def)             Requested size: 904.0723pt x 446.01396pt.
 <../NNMF/238.pdf> <a0,fr236>
<../NNMF/239.pdf, id=12758, page=1, 904.07451pt x 446.01506pt>
File: ../NNMF/239.pdf Graphic file (type pdf)
<use ../NNMF/239.pdf, page 1>
Package pdftex.def Info: ../NNMF/239.pdf , page1 used on input line 8.
(pdftex.def)             Requested size: 904.0723pt x 446.01396pt.
 <../NNMF/239.pdf> <a0,fr237>
<../NNMF/240.pdf, id=12812, page=1, 904.23024pt x 446.01506pt>
File: ../NNMF/240.pdf Graphic file (type pdf)
<use ../NNMF/240.pdf, page 1>
Package pdftex.def Info: ../NNMF/240.pdf , page1 used on input line 8.
(pdftex.def)             Requested size: 904.22803pt x 446.01396pt.
 <../NNMF/240.pdf> <a0,fr238>
<../NNMF/241.pdf, id=12866, page=1, 904.07451pt x 446.01506pt>
File: ../NNMF/241.pdf Graphic file (type pdf)
<use ../NNMF/241.pdf, page 1>
Package pdftex.def Info: ../NNMF/241.pdf , page1 used on input line 8.
(pdftex.def)             Requested size: 904.0723pt x 446.01396pt.
 <../NNMF/241.pdf>
<a0,fr239>
<../NNMF/242.pdf, id=12919, page=1, 904.07451pt x 446.01506pt>
File: ../NNMF/242.pdf Graphic file (type pdf)
<use ../NNMF/242.pdf, page 1>
Package pdftex.def Info: ../NNMF/242.pdf , page1 used on input line 8.
(pdftex.def)             Requested size: 904.0723pt x 446.01396pt.
 <../NNMF/242.pdf> <a0,fr240>
<../NNMF/243.pdf, id=12973, page=1, 904.07451pt x 446.01506pt>
File: ../NNMF/243.pdf Graphic file (type pdf)
<use ../NNMF/243.pdf, page 1>
Package pdftex.def Info: ../NNMF/243.pdf , page1 used on input line 8.
(pdftex.def)             Requested size: 904.0723pt x 446.01396pt.
 <../NNMF/243.pdf> <a0,fr241>
<../NNMF/244.pdf, id=13027, page=1, 904.07451pt x 446.01506pt>
File: ../NNMF/244.pdf Graphic file (type pdf)
<use ../NNMF/244.pdf, page 1>
Package pdftex.def Info: ../NNMF/244.pdf , page1 used on input line 8.
(pdftex.def)             Requested size: 904.0723pt x 446.01396pt.
 <../NNMF/244.pdf> <a0,fr242>
<../NNMF/245.pdf, id=13080, page=1, 904.07451pt x 446.01506pt>
File: ../NNMF/245.pdf Graphic file (type pdf)
<use ../NNMF/245.pdf, page 1>
Package pdftex.def Info: ../NNMF/245.pdf , page1 used on input line 8.
(pdftex.def)             Requested size: 904.0723pt x 446.01396pt.
 <../NNMF/245.pdf> <a0,fr243>
<../NNMF/246.pdf, id=13134, page=1, 904.07451pt x 446.01506pt>
File: ../NNMF/246.pdf Graphic file (type pdf)
<use ../NNMF/246.pdf, page 1>
Package pdftex.def Info: ../NNMF/246.pdf , page1 used on input line 8.
(pdftex.def)             Requested size: 904.0723pt x 446.01396pt.
 <../NNMF/246.pdf> <a0,fr244>
<../NNMF/247.pdf, id=13188, page=1, 904.07451pt x 446.01506pt>
File: ../NNMF/247.pdf Graphic file (type pdf)
<use ../NNMF/247.pdf, page 1>
Package pdftex.def Info: ../NNMF/247.pdf , page1 used on input line 8.
(pdftex.def)             Requested size: 904.0723pt x 446.01396pt.
 <../NNMF/247.pdf> <a0,fr245>
<../NNMF/248.pdf, id=13242, page=1, 904.07451pt x 446.01506pt>
File: ../NNMF/248.pdf Graphic file (type pdf)
<use ../NNMF/248.pdf, page 1>
Package pdftex.def Info: ../NNMF/248.pdf , page1 used on input line 8.
(pdftex.def)             Requested size: 904.0723pt x 446.01396pt.
 <../NNMF/248.pdf> <a0,fr246>
<../NNMF/249.pdf, id=13296, page=1, 904.07451pt x 446.01506pt>
File: ../NNMF/249.pdf Graphic file (type pdf)
<use ../NNMF/249.pdf, page 1>
Package pdftex.def Info: ../NNMF/249.pdf , page1 used on input line 8.
(pdftex.def)             Requested size: 904.0723pt x 446.01396pt.
 <../NNMF/249.pdf>
<a0,fr247>
<../NNMF/250.pdf, id=13350, page=1, 904.07451pt x 446.01506pt>
File: ../NNMF/250.pdf Graphic file (type pdf)
<use ../NNMF/250.pdf, page 1>
Package pdftex.def Info: ../NNMF/250.pdf , page1 used on input line 8.
(pdftex.def)             Requested size: 904.0723pt x 446.01396pt.
 <../NNMF/250.pdf> <a0,fr248>
<../NNMF/251.pdf, id=13404, page=1, 904.07451pt x 446.01506pt>
File: ../NNMF/251.pdf Graphic file (type pdf)
<use ../NNMF/251.pdf, page 1>
Package pdftex.def Info: ../NNMF/251.pdf , page1 used on input line 8.
(pdftex.def)             Requested size: 904.0723pt x 446.01396pt.
 <../NNMF/251.pdf> <a0,fr249> [1

]
(main.aux)
 ***********
LaTeX2e <2023-11-01> patch level 1
L3 programming layer <2024-03-14>
 ***********
 ) 
Here is how much of TeX's memory you used:
 6327 strings out of 474423
 135176 string characters out of 5740302
 1933496 words of memory out of 5000000
 28642 multiletter control sequences out of 15000+600000
 558069 words of font info for 36 fonts, out of 8000000 for 9000
 1141 hyphenation exceptions out of 8191
 76i,5n,80p,206b,789s stack positions out of 10000i,1000n,20000p,200000b,200000s

Output written on main.pdf (1 page, 50469177 bytes).
PDF statistics:
 13745 PDF objects out of 15390 (max. 8388607)
 0 named destinations out of 1000 (max. 500000)
 2813 words of extra memory for PDF output out of 10000 (max. 10000000)

